<?xml version="1.0" encoding="UTF-8"?>
<testsuite name="net.corda.samples.supplychain.FlowTests" tests="2" skipped="0" failures="0" errors="0" timestamp="2023-01-22T13:59:53" hostname="LAPTOP-UFS3NFPK" time="41.39">
  <properties/>
  <testcase name="AccountCreation" classname="net.corda.samples.supplychain.FlowTests" time="36.0"/>
  <testcase name="InvoiceFlowTest" classname="net.corda.samples.supplychain.FlowTests" time="5.39"/>
  <system-out><![CDATA[?[37m[INFO] 19:29:59,178 [Test worker] internal.TestCordappImpl. - Generating CorDapp jar from local project in C:\Users\Anvith\Dropbox\PC\Desktop\Work\Corda\samples-java\Accounts\supplychain\workflows ...
?[m?[37m[INFO] 19:29:59,529 [Connection worker] internal.TestCordappImpl. - Build
?[m?[37m[INFO] 19:30:01,384 [Connection worker] internal.TestCordappImpl. - Starting Gradle Daemon
?[m?[37m[INFO] 19:30:02,786 [Connection worker] internal.TestCordappImpl. - Connecting to Gradle Daemon
?[m?[37m[INFO] 19:30:02,805 [Connection worker] internal.TestCordappImpl. - Starting Gradle Daemon
?[m?[37m[INFO] 19:30:02,807 [Connection worker] internal.TestCordappImpl. - Build
?[m?[37m[INFO] 19:30:03,488 [Connection worker] internal.TestCordappImpl. - Run build
?[m?[37m[INFO] 19:30:03,504 [Connection worker] internal.TestCordappImpl. - Evaluate settings
?[m?[37m[INFO] 19:30:03,903 [Connection worker] internal.TestCordappImpl. - Run build
?[m?[37m[INFO] 19:30:03,919 [Connection worker] internal.TestCordappImpl. - Configure build
?[m?[37m[INFO] 19:30:03,919 [Connection worker] internal.TestCordappImpl. - Load projects
?[m?[37m[INFO] 19:30:04,078 [Connection worker] internal.TestCordappImpl. - Configure build
?[m?[37m[INFO] 19:30:04,078 [Connection worker] internal.TestCordappImpl. - Configure project :
?[m?[37m[INFO] 19:30:04,650 [Connection worker] internal.TestCordappImpl. - Resolve dependencies of :classpath
?[m?[37m[INFO] 19:30:05,173 [Connection worker] internal.TestCordappImpl. - Configure project :
?[m?[37m[INFO] 19:30:05,173 [Connection worker] internal.TestCordappImpl. - Resolve files of :classpath
?[m?[37m[INFO] 19:30:05,205 [Connection worker] internal.TestCordappImpl. - Configure project :
?[m?[37m[INFO] 19:30:05,206 [Connection worker] internal.TestCordappImpl. - Resolve files of :classpath
?[m?[37m[INFO] 19:30:05,206 [Connection worker] internal.TestCordappImpl. - Configure project :
?[m?[37m[INFO] 19:30:05,950 [Connection worker] internal.TestCordappImpl. - Configure build
?[m?[37m[INFO] 19:30:05,950 [Connection worker] internal.TestCordappImpl. - Configure project :clients
?[m?[37m[INFO] 19:30:05,950 [Connection worker] internal.TestCordappImpl. - Configure build
?[m?[37m[INFO] 19:30:05,950 [Connection worker] internal.TestCordappImpl. - Configure project :contracts
?[m?[37m[INFO] 19:30:05,966 [Connection worker] internal.TestCordappImpl. - Configure build
?[m?[37m[INFO] 19:30:05,966 [Connection worker] internal.TestCordappImpl. - Configure project :workflows
?[m?[37m[INFO] 19:30:06,094 [Connection worker] internal.TestCordappImpl. - Configure build
?[m?[37m[INFO] 19:30:06,094 [Connection worker] internal.TestCordappImpl. - Run build
?[m?[37m[INFO] 19:30:06,284 [Connection worker] internal.TestCordappImpl. - Run tasks
?[m?[37m[INFO] 19:30:06,316 [Connection worker] internal.TestCordappImpl. - Task :contracts:compileJava
?[m?[37m[INFO] 19:30:06,380 [Connection worker] internal.TestCordappImpl. - Resolve dependencies of :contracts:compileClasspath
?[m?[37m[INFO] 19:30:06,539 [Connection worker] internal.TestCordappImpl. - Task :contracts:compileJava
?[m?[37m[INFO] 19:30:06,539 [Connection worker] internal.TestCordappImpl. - Resolve files of :contracts:compileClasspath
?[m?[37m[INFO] 19:30:06,539 [Connection worker] internal.TestCordappImpl. - Task :contracts:compileJava
?[m?[37m[INFO] 19:30:06,571 [Connection worker] internal.TestCordappImpl. - Resolve dependencies of :contracts:annotationProcessor
?[m?[37m[INFO] 19:30:06,571 [Connection worker] internal.TestCordappImpl. - Task :contracts:compileJava
?[m?[37m[INFO] 19:30:06,618 [Connection worker] internal.TestCordappImpl. - Run tasks
?[m?[37m[INFO] 19:30:06,619 [Connection worker] internal.TestCordappImpl. - Task :contracts:processResources
?[m?[37m[INFO] 19:30:06,634 [Connection worker] internal.TestCordappImpl. - Run tasks
?[m?[37m[INFO] 19:30:06,634 [Connection worker] internal.TestCordappImpl. - Task :contracts:classes
?[m?[37m[INFO] 19:30:06,634 [Connection worker] internal.TestCordappImpl. - Run tasks
?[m?[37m[INFO] 19:30:06,635 [Connection worker] internal.TestCordappImpl. - Task :contracts:configureCordappFatJar
?[m?[37m[INFO] 19:30:06,650 [Connection worker] internal.TestCordappImpl. - Resolve dependencies of :contracts:runtime
?[m?[37m[INFO] 19:30:06,698 [Connection worker] internal.TestCordappImpl. - Task :contracts:configureCordappFatJar
?[m?[37m[INFO] 19:30:06,698 [Connection worker] internal.TestCordappImpl. - Resolve files of :contracts:runtime
?[m?[37m[INFO] 19:30:06,714 [Connection worker] internal.TestCordappImpl. - Task :contracts:configureCordappFatJar
?[m?[37m[INFO] 19:30:06,714 [Connection worker] internal.TestCordappImpl. - Resolve files of :contracts:runtime
?[m?[37m[INFO] 19:30:06,714 [Connection worker] internal.TestCordappImpl. - Task :contracts:configureCordappFatJar
?[m?[37m[INFO] 19:30:06,714 [Connection worker] internal.TestCordappImpl. - Resolve files of :contracts:runtime
?[m?[37m[INFO] 19:30:06,714 [Connection worker] internal.TestCordappImpl. - Task :contracts:configureCordappFatJar
?[m?[37m[INFO] 19:30:06,730 [Connection worker] internal.TestCordappImpl. - Run tasks
?[m?[37m[INFO] 19:30:06,730 [Connection worker] internal.TestCordappImpl. - Task :contracts:jar
?[m?[37m[INFO] 19:30:06,746 [Connection worker] internal.TestCordappImpl. - Run tasks
?[m?[37m[INFO] 19:30:06,762 [Connection worker] internal.TestCordappImpl. - Task :workflows:compileJava
?[m?[37m[INFO] 19:30:06,777 [Connection worker] internal.TestCordappImpl. - Resolve dependencies of :workflows:compileClasspath
?[m?[37m[INFO] 19:30:06,793 [Connection worker] internal.TestCordappImpl. - Task :workflows:compileJava
?[m?[37m[INFO] 19:30:06,794 [Connection worker] internal.TestCordappImpl. - Resolve files of :workflows:compileClasspath
?[m?[37m[INFO] 19:30:06,808 [Connection worker] internal.TestCordappImpl. - Task :workflows:compileJava
?[m?[37m[INFO] 19:30:06,808 [Connection worker] internal.TestCordappImpl. - Resolve dependencies of :workflows:annotationProcessor
?[m?[37m[INFO] 19:30:06,808 [Connection worker] internal.TestCordappImpl. - Task :workflows:compileJava
?[m?[37m[INFO] 19:30:06,824 [Connection worker] internal.TestCordappImpl. - Run tasks
?[m?[37m[INFO] 19:30:06,824 [Connection worker] internal.TestCordappImpl. - Task :workflows:processResources
?[m?[37m[INFO] 19:30:06,824 [Connection worker] internal.TestCordappImpl. - Run tasks
?[m?[37m[INFO] 19:30:06,824 [Connection worker] internal.TestCordappImpl. - Task :workflows:classes
?[m?[37m[INFO] 19:30:06,824 [Connection worker] internal.TestCordappImpl. - Run tasks
?[m?[37m[INFO] 19:30:06,825 [Connection worker] internal.TestCordappImpl. - Task :workflows:configureCordappFatJar
?[m?[37m[INFO] 19:30:06,825 [Connection worker] internal.TestCordappImpl. - Resolve dependencies of :workflows:runtime
?[m?[37m[INFO] 19:30:06,856 [Connection worker] internal.TestCordappImpl. - Task :workflows:configureCordappFatJar
?[m?[37m[INFO] 19:30:06,856 [Connection worker] internal.TestCordappImpl. - Resolve files of :workflows:runtime
?[m?[37m[INFO] 19:30:06,856 [Connection worker] internal.TestCordappImpl. - Task :workflows:configureCordappFatJar
?[m?[37m[INFO] 19:30:06,856 [Connection worker] internal.TestCordappImpl. - Resolve files of :workflows:runtime
?[m?[37m[INFO] 19:30:06,856 [Connection worker] internal.TestCordappImpl. - Task :workflows:configureCordappFatJar
?[m?[37m[INFO] 19:30:06,856 [Connection worker] internal.TestCordappImpl. - Resolve files of :workflows:runtime
?[m?[37m[INFO] 19:30:06,856 [Connection worker] internal.TestCordappImpl. - Task :workflows:configureCordappFatJar
?[m?[37m[INFO] 19:30:06,856 [Connection worker] internal.TestCordappImpl. - Resolve files of :workflows:runtime
?[m?[37m[INFO] 19:30:06,856 [Connection worker] internal.TestCordappImpl. - Task :workflows:configureCordappFatJar
?[m?[37m[INFO] 19:30:06,856 [Connection worker] internal.TestCordappImpl. - Resolve files of :workflows:runtime
?[m?[37m[INFO] 19:30:06,856 [Connection worker] internal.TestCordappImpl. - Task :workflows:configureCordappFatJar
?[m?[37m[INFO] 19:30:06,856 [Connection worker] internal.TestCordappImpl. - Resolve files of :workflows:runtime
?[m?[37m[INFO] 19:30:06,856 [Connection worker] internal.TestCordappImpl. - Task :workflows:configureCordappFatJar
?[m?[37m[INFO] 19:30:06,856 [Connection worker] internal.TestCordappImpl. - Resolve files of :workflows:runtime
?[m?[37m[INFO] 19:30:06,856 [Connection worker] internal.TestCordappImpl. - Task :workflows:configureCordappFatJar
?[m?[37m[INFO] 19:30:06,856 [Connection worker] internal.TestCordappImpl. - Run tasks
?[m?[37m[INFO] 19:30:06,856 [Connection worker] internal.TestCordappImpl. - Task :workflows:jar
?[m?[37m[INFO] 19:30:06,872 [Connection worker] internal.TestCordappImpl. - Run tasks
?[m?[37m[INFO] 19:30:06,888 [Connection worker] internal.TestCordappImpl. - Run build
?[m?[37m[INFO] 19:30:06,888 [Connection worker] internal.TestCordappImpl. - Build model 'java.lang.Void' for project ':workflows'
?[m?[37m[INFO] 19:30:06,888 [Connection worker] internal.TestCordappImpl. - Run build
?[m?[37m[INFO] 19:30:06,891 [Connection worker] internal.TestCordappImpl. - Build
?[m?[37m[INFO] 19:30:06,904 [Connection worker] internal.TestCordappImpl. - Cleaning VCS Checkout Cache (C:\Users\Anvith\Dropbox\PC\Desktop\Work\Corda\samples-java\Accounts\supplychain\.gradle\vcs-1)
?[m?[37m[INFO] 19:30:06,904 [Connection worker] internal.TestCordappImpl. - Build
?[m?[37m[INFO] 19:30:06,904 [Connection worker] internal.TestCordappImpl. - Deleting unused version-specific caches in C:\Users\Anvith\Dropbox\PC\Desktop\Work\Corda\samples-java\Accounts\supplychain\.gradle
?[m?[37m[INFO] 19:30:06,921 [Connection worker] internal.TestCordappImpl. - Build
?[m?[37m[INFO] 19:30:06,954 [Connection worker] internal.TestCordappImpl. - 
?[m?[37m[INFO] 19:30:12,580 [Test worker] cordapp.JarScanningCordappLoader. - Looking for CorDapps in [build\mock-network\20230122-135957.563-483D5187D47B2503\nodes\0\cordapps]
?[m?[37m[INFO] 19:30:12,589 [Test worker] cordapp.JarScanningCordappLoader. - Loading CorDapps from RestrictedURL(url=file:/C:/Users/Anvith/Dropbox/PC/Desktop/Work/Corda/samples-java/Accounts/supplychain/workflows/build/mock-network/20230122-135957.563-483D5187D47B2503/nodes/0/cordapps/accounts-contracts-1.0.jar, rootPackageName=null), RestrictedURL(url=file:/C:/Users/Anvith/Dropbox/PC/Desktop/Work/Corda/samples-java/Accounts/supplychain/workflows/build/mock-network/20230122-135957.563-483D5187D47B2503/nodes/0/cordapps/accounts-workflows-1.0.jar, rootPackageName=null), RestrictedURL(url=file:/C:/Users/Anvith/Dropbox/PC/Desktop/Work/Corda/samples-java/Accounts/supplychain/workflows/build/mock-network/20230122-135957.563-483D5187D47B2503/nodes/0/cordapps/contracts-1.0.jar, rootPackageName=null), RestrictedURL(url=file:/C:/Users/Anvith/Dropbox/PC/Desktop/Work/Corda/samples-java/Accounts/supplychain/workflows/build/mock-network/20230122-135957.563-483D5187D47B2503/nodes/0/cordapps/workflows-1.0.jar, rootPackageName=null)
?[m?[37m[INFO] 19:30:12,651 [Test worker] cordapp.JarScanningCordappLoader. - Scanning CorDapp in file:/C:/Users/Anvith/Dropbox/PC/Desktop/Work/Corda/samples-java/Accounts/supplychain/workflows/build/mock-network/20230122-135957.563-483D5187D47B2503/nodes/0/cordapps/accounts-contracts-1.0.jar
?[m?[37m[INFO] 19:30:12,762 [Test worker] cordapp.JarScanningCordappLoader. - Scanning CorDapp in file:/C:/Users/Anvith/Dropbox/PC/Desktop/Work/Corda/samples-java/Accounts/supplychain/workflows/build/mock-network/20230122-135957.563-483D5187D47B2503/nodes/0/cordapps/accounts-workflows-1.0.jar
?[m?[37m[INFO] 19:30:12,858 [Test worker] cordapp.JarScanningCordappLoader. - Scanning CorDapp in file:/C:/Users/Anvith/Dropbox/PC/Desktop/Work/Corda/samples-java/Accounts/supplychain/workflows/build/mock-network/20230122-135957.563-483D5187D47B2503/nodes/0/cordapps/contracts-1.0.jar
?[m?[37m[INFO] 19:30:12,878 [Test worker] cordapp.JarScanningCordappLoader. - Scanning CorDapp in file:/C:/Users/Anvith/Dropbox/PC/Desktop/Work/Corda/samples-java/Accounts/supplychain/workflows/build/mock-network/20230122-135957.563-483D5187D47B2503/nodes/0/cordapps/workflows-1.0.jar
?[m?[37m[INFO] 19:30:14,149 [Test worker] internal.InternalMockNetwork$MockNode. - MessagingService active change to: false
?[m?[37m[INFO] 19:30:14,312 [Test worker] internal.InternalMockNetwork$MockNode. - Flow external operation executor has a max of 2 threads
?[m?[37m[INFO] 19:30:14,383 [Test worker] internal.InternalMockNetwork$MockNode. - Node starting up ...
?[m?[37m[INFO] 19:30:14,383 [Test worker] internal.InternalMockNetwork$MockNode. - Node status update: [WAITING_TO_START] -> [STARTING]
?[m?[37m[INFO] 19:30:14,409 [Test worker] internal.KeyStoreHandler. - Loaded trusted root certificate: DL7fwxLm5xbiMD8adUuYTsPZHAict46Ng4w6RNcySt5vAw, alias: cordarootca
?[m?[37m[INFO] 19:30:14,415 [Test worker] internal.KeyStoreHandler. - Loaded node identity key: DL6oDXWoxy2VoU9Fp6C4XGaMvvjs95d8y8hZFJjY26Pzgu, alias: identity-private-key
?[m?[37m[INFO] 19:30:14,508 [Test worker] internal.NodeFlowManager. - Registered com.r3.corda.lib.accounts.workflows.flows.ShareStateAndSyncAccounts to initiate com.r3.corda.lib.accounts.workflows.flows.ReceiveStateAndSyncAccounts (version 1)
?[m?[37m[INFO] 19:30:14,509 [Test worker] internal.NodeFlowManager. - Registered com.r3.corda.lib.accounts.workflows.flows.ShareStateWithAccount to initiate com.r3.corda.lib.accounts.workflows.flows.ReceiveStateForAccount (version 1)
?[m?[37m[INFO] 19:30:14,509 [Test worker] internal.NodeFlowManager. - Registered com.r3.corda.lib.accounts.workflows.flows.RequestAccountInfo to initiate com.r3.corda.lib.accounts.workflows.flows.RequestAccountInfoHandler (version 1)
?[m?[37m[INFO] 19:30:14,510 [Test worker] internal.NodeFlowManager. - Registered com.r3.corda.lib.accounts.workflows.flows.RequestKeyForAccount to initiate com.r3.corda.lib.accounts.workflows.flows.SendKeyForAccount (version 1)
?[m?[37m[INFO] 19:30:14,511 [Test worker] internal.NodeFlowManager. - Registered com.r3.corda.lib.accounts.workflows.flows.ShareAccountInfo to initiate com.r3.corda.lib.accounts.workflows.flows.ShareAccountInfoHandler (version 1)
?[m?[37m[INFO] 19:30:14,517 [Test worker] internal.NodeFlowManager. - Registered net.corda.samples.supplychain.flows.InternalMessage to initiate net.corda.samples.supplychain.flows.InternalMessageResponder (version 1)
?[m?[37m[INFO] 19:30:14,518 [Test worker] internal.NodeFlowManager. - Registered net.corda.samples.supplychain.flows.SendCargo to initiate net.corda.samples.supplychain.flows.SendCargoResponder (version 1)
?[m?[37m[INFO] 19:30:14,520 [Test worker] internal.NodeFlowManager. - Registered net.corda.samples.supplychain.flows.SendInvoice to initiate net.corda.samples.supplychain.flows.SendInvoiceResponder (version 1)
?[m?[37m[INFO] 19:30:14,521 [Test worker] internal.NodeFlowManager. - Registered net.corda.samples.supplychain.flows.SendPayment to initiate net.corda.samples.supplychain.flows.SendPaymentResponder (version 1)
?[m?[37m[INFO] 19:30:14,523 [Test worker] internal.NodeFlowManager. - Registered net.corda.samples.supplychain.flows.SendShippingRequest to initiate net.corda.samples.supplychain.flows.SendShippingRequestResponder (version 1)
?[m?[37m[INFO] 19:30:14,596 [Test worker] internal.InternalMockNetwork$MockNode. - Loaded network parameters: NetworkParameters {
      minimumPlatformVersion=4
      notaries=[NotaryInfo(identity=O=Notary, L=London, C=GB, validating=true)]
      maxMessageSize=10485760
      maxTransactionSize=52428800
      whitelistedContractImplementations {
        
      }
      eventHorizon=PT51539607528H
      packageOwnership {
        
      }
      modifiedTime=2023-01-22T13:59:53.741Z
      epoch=1
  }
?[m?[37m[INFO] 19:30:14,670 [Test worker] hikari.HikariDataSource. - HikariPool-1 - Starting...
?[m?[37m[INFO] 19:30:15,432 [Test worker] hikari.HikariDataSource. - HikariPool-1 - Start completed.
?[m?[37m[INFO] 19:30:18,784 [Test worker] jvm.JdbcExecutor. - SELECT MD5SUM FROM PUBLIC.DATABASECHANGELOG WHERE MD5SUM IS NOT NULL
?[m?[37m[INFO] 19:30:18,787 [Test worker] jvm.JdbcExecutor. - SELECT COUNT(*) FROM PUBLIC.DATABASECHANGELOG
?[m?[37m[INFO] 19:30:18,788 [Test worker] changelog.StandardChangeLogHistoryService. - Reading from PUBLIC.DATABASECHANGELOG
?[m?[37m[INFO] 19:30:18,788 [Test worker] jvm.JdbcExecutor. - SELECT * FROM PUBLIC.DATABASECHANGELOG ORDER BY DATEEXECUTED ASC, ORDEREXECUTED ASC
?[m?[37m[INFO] 19:30:18,799 [Test worker] jvm.JdbcExecutor. - SELECT COUNT(*) FROM PUBLIC.DATABASECHANGELOGLOCK
?[m?[37m[INFO] 19:30:18,800 [Test worker] jvm.JdbcExecutor. - SELECT COUNT(*) FROM PUBLIC.DATABASECHANGELOGLOCK
?[m?[37m[INFO] 19:30:18,853 [Test worker] visitor.ValidatingVisitor. - Skipping change set migration/vault-schema.changelog-v13.xml::vault_transaction_id_size_non-clustered_pk-1::R3.Corda due to validation error(s): clustered is not allowed on h2 {changeSet=migration/vault-schema.changelog-v13.xml::vault_transaction_id_size_non-clustered_pk-1::R3.Corda, databaseChangeLog=master.changelog.json}
?[m?[37m[INFO] 19:30:18,856 [Test worker] visitor.ValidatingVisitor. - Skipping change set migration/vault-schema.changelog-v13.xml::vault_transaction_id_size_non-clustered_pk-2::R3.Corda due to validation error(s): clustered is not allowed on h2 {changeSet=migration/vault-schema.changelog-v13.xml::vault_transaction_id_size_non-clustered_pk-2::R3.Corda, databaseChangeLog=master.changelog.json}
?[m?[37m[INFO] 19:30:18,857 [Test worker] visitor.ValidatingVisitor. - Skipping change set migration/vault-schema.changelog-v13.xml::vault_transaction_id_size_non-clustered_pk-3::R3.Corda due to validation error(s): clustered is not allowed on h2 {changeSet=migration/vault-schema.changelog-v13.xml::vault_transaction_id_size_non-clustered_pk-3::R3.Corda, databaseChangeLog=master.changelog.json}
?[m?[37m[INFO] 19:30:18,966 [Test worker] visitor.ValidatingVisitor. - Skipping change set migration/node-core.changelog-v21.xml::node_transaction_id_size_non-clustered_pk::R3.Corda due to validation error(s): clustered is not allowed on h2 {changeSet=migration/node-core.changelog-v21.xml::node_transaction_id_size_non-clustered_pk::R3.Corda, databaseChangeLog=master.changelog.json}
?[m?[37m[INFO] 19:30:18,976 [Test worker] visitor.ValidatingVisitor. - Skipping change set migration/node-notary.changelog-pkey.xml::non-clustered_pk-notary_state::R3.Corda due to validation error(s): clustered is not allowed on h2 {changeSet=migration/node-notary.changelog-pkey.xml::non-clustered_pk-notary_state::R3.Corda, databaseChangeLog=master.changelog.json}
?[m?[37m[INFO] 19:30:18,989 [Test worker] visitor.ValidatingVisitor. - Skipping change set migration/node-notary.changelog-v4.xml::node_notary_transaction_id_size-non-clustered_pk::R3.Corda due to validation error(s): clustered is not allowed on h2 {changeSet=migration/node-notary.changelog-v4.xml::node_notary_transaction_id_size-non-clustered_pk::R3.Corda, databaseChangeLog=master.changelog.json}
?[m?[37m[INFO] 19:30:18,994 [Test worker] jvm.JdbcExecutor. - SELECT LOCKED FROM PUBLIC.DATABASECHANGELOGLOCK WHERE ID=1
?[m?[37m[INFO] 19:30:19,010 [Test worker] lockservice.StandardLockService. - Successfully acquired change log lock
?[m?[37m[INFO] 19:30:19,015 [Test worker] visitor.ValidatingVisitor. - Skipping change set migration/vault-schema.changelog-v13.xml::vault_transaction_id_size_non-clustered_pk-1::R3.Corda due to validation error(s): clustered is not allowed on h2 {changeSet=migration/vault-schema.changelog-v13.xml::vault_transaction_id_size_non-clustered_pk-1::R3.Corda, databaseChangeLog=master.changelog.json}
?[m?[37m[INFO] 19:30:19,016 [Test worker] visitor.ValidatingVisitor. - Skipping change set migration/vault-schema.changelog-v13.xml::vault_transaction_id_size_non-clustered_pk-2::R3.Corda due to validation error(s): clustered is not allowed on h2 {changeSet=migration/vault-schema.changelog-v13.xml::vault_transaction_id_size_non-clustered_pk-2::R3.Corda, databaseChangeLog=master.changelog.json}
?[m?[37m[INFO] 19:30:19,016 [Test worker] visitor.ValidatingVisitor. - Skipping change set migration/vault-schema.changelog-v13.xml::vault_transaction_id_size_non-clustered_pk-3::R3.Corda due to validation error(s): clustered is not allowed on h2 {changeSet=migration/vault-schema.changelog-v13.xml::vault_transaction_id_size_non-clustered_pk-3::R3.Corda, databaseChangeLog=master.changelog.json}
?[m?[37m[INFO] 19:30:19,031 [Test worker] visitor.ValidatingVisitor. - Skipping change set migration/node-core.changelog-v21.xml::node_transaction_id_size_non-clustered_pk::R3.Corda due to validation error(s): clustered is not allowed on h2 {changeSet=migration/node-core.changelog-v21.xml::node_transaction_id_size_non-clustered_pk::R3.Corda, databaseChangeLog=master.changelog.json}
?[m?[37m[INFO] 19:30:19,036 [Test worker] visitor.ValidatingVisitor. - Skipping change set migration/node-notary.changelog-pkey.xml::non-clustered_pk-notary_state::R3.Corda due to validation error(s): clustered is not allowed on h2 {changeSet=migration/node-notary.changelog-pkey.xml::non-clustered_pk-notary_state::R3.Corda, databaseChangeLog=master.changelog.json}
?[m?[37m[INFO] 19:30:19,039 [Test worker] visitor.ValidatingVisitor. - Skipping change set migration/node-notary.changelog-v4.xml::node_notary_transaction_id_size-non-clustered_pk::R3.Corda due to validation error(s): clustered is not allowed on h2 {changeSet=migration/node-notary.changelog-v4.xml::node_notary_transaction_id_size-non-clustered_pk::R3.Corda, databaseChangeLog=master.changelog.json}
?[m?[37m[INFO] 19:30:19,042 [Test worker] jvm.JdbcExecutor. - DROP VIEW PUBLIC.v_pkey_hash_ex_id_map {changeSet=migration/vault-schema.changelog-v13.xml::vault_transaction_id_size::R3.Corda, databaseChangeLog=master.changelog.json}
?[m?[37m[INFO] 19:30:19,052 [Test worker] changelog.ChangeSet. - View v_pkey_hash_ex_id_map dropped {changeSet=migration/vault-schema.changelog-v13.xml::vault_transaction_id_size::R3.Corda, databaseChangeLog=master.changelog.json}
?[m?[37m[INFO] 19:30:19,053 [Test worker] jvm.JdbcExecutor. - ALTER TABLE PUBLIC.vault_fungible_states_parts DROP CONSTRAINT FK__fung_st_parts__fung_st {changeSet=migration/vault-schema.changelog-v13.xml::vault_transaction_id_size::R3.Corda, databaseChangeLog=master.changelog.json}
?[m?[37m[INFO] 19:30:19,058 [Test worker] changelog.ChangeSet. - Foreign key FK__fung_st_parts__fung_st dropped {changeSet=migration/vault-schema.changelog-v13.xml::vault_transaction_id_size::R3.Corda, databaseChangeLog=master.changelog.json}
?[m?[37m[INFO] 19:30:19,059 [Test worker] jvm.JdbcExecutor. - ALTER TABLE PUBLIC.vault_linear_states_parts DROP CONSTRAINT FK__lin_stat_parts__lin_stat {changeSet=migration/vault-schema.changelog-v13.xml::vault_transaction_id_size::R3.Corda, databaseChangeLog=master.changelog.json}
?[m?[37m[INFO] 19:30:19,061 [Test worker] changelog.ChangeSet. - Foreign key FK__lin_stat_parts__lin_stat dropped {changeSet=migration/vault-schema.changelog-v13.xml::vault_transaction_id_size::R3.Corda, databaseChangeLog=master.changelog.json}
?[m?[37m[INFO] 19:30:19,062 [Test worker] jvm.JdbcExecutor. - ALTER TABLE PUBLIC.vault_fungible_states DROP PRIMARY KEY {changeSet=migration/vault-schema.changelog-v13.xml::vault_transaction_id_size::R3.Corda, databaseChangeLog=master.changelog.json}
?[m?[37m[INFO] 19:30:19,068 [Test worker] changelog.ChangeSet. - Primary key dropped from vault_fungible_states {changeSet=migration/vault-schema.changelog-v13.xml::vault_transaction_id_size::R3.Corda, databaseChangeLog=master.changelog.json}
?[m?[37m[INFO] 19:30:19,068 [Test worker] jvm.JdbcExecutor. - ALTER TABLE PUBLIC.vault_linear_states DROP PRIMARY KEY {changeSet=migration/vault-schema.changelog-v13.xml::vault_transaction_id_size::R3.Corda, databaseChangeLog=master.changelog.json}
?[m?[37m[INFO] 19:30:19,070 [Test worker] changelog.ChangeSet. - Primary key dropped from vault_linear_states {changeSet=migration/vault-schema.changelog-v13.xml::vault_transaction_id_size::R3.Corda, databaseChangeLog=master.changelog.json}
?[m?[37m[INFO] 19:30:19,070 [Test worker] jvm.JdbcExecutor. - ALTER TABLE PUBLIC.vault_states DROP PRIMARY KEY {changeSet=migration/vault-schema.changelog-v13.xml::vault_transaction_id_size::R3.Corda, databaseChangeLog=master.changelog.json}
?[m?[37m[INFO] 19:30:19,073 [Test worker] changelog.ChangeSet. - Primary key dropped from vault_states {changeSet=migration/vault-schema.changelog-v13.xml::vault_transaction_id_size::R3.Corda, databaseChangeLog=master.changelog.json}
?[m?[37m[INFO] 19:30:19,074 [Test worker] jvm.JdbcExecutor. - DROP INDEX PUBLIC.transaction_id_index {changeSet=migration/vault-schema.changelog-v13.xml::vault_transaction_id_size::R3.Corda, databaseChangeLog=master.changelog.json}
?[m?[37m[INFO] 19:30:19,076 [Test worker] changelog.ChangeSet. - Index transaction_id_index dropped from table vault_transaction_notes {changeSet=migration/vault-schema.changelog-v13.xml::vault_transaction_id_size::R3.Corda, databaseChangeLog=master.changelog.json}
?[m?[37m[INFO] 19:30:19,077 [Test worker] jvm.JdbcExecutor. - ALTER TABLE PUBLIC.vault_fungible_states ALTER COLUMN transaction_id SET NULL {changeSet=migration/vault-schema.changelog-v13.xml::vault_transaction_id_size::R3.Corda, databaseChangeLog=master.changelog.json}
?[m?[37m[INFO] 19:30:19,080 [Test worker] changelog.ChangeSet. - Null constraint dropped from vault_fungible_states.transaction_id {changeSet=migration/vault-schema.changelog-v13.xml::vault_transaction_id_size::R3.Corda, databaseChangeLog=master.changelog.json}
?[m?[37m[INFO] 19:30:19,080 [Test worker] jvm.JdbcExecutor. - ALTER TABLE PUBLIC.vault_fungible_states_parts ALTER COLUMN transaction_id SET NULL {changeSet=migration/vault-schema.changelog-v13.xml::vault_transaction_id_size::R3.Corda, databaseChangeLog=master.changelog.json}
?[m?[37m[INFO] 19:30:19,082 [Test worker] changelog.ChangeSet. - Null constraint dropped from vault_fungible_states_parts.transaction_id {changeSet=migration/vault-schema.changelog-v13.xml::vault_transaction_id_size::R3.Corda, databaseChangeLog=master.changelog.json}
?[m?[37m[INFO] 19:30:19,082 [Test worker] jvm.JdbcExecutor. - ALTER TABLE PUBLIC.vault_linear_states ALTER COLUMN transaction_id SET NULL {changeSet=migration/vault-schema.changelog-v13.xml::vault_transaction_id_size::R3.Corda, databaseChangeLog=master.changelog.json}
?[m?[37m[INFO] 19:30:19,084 [Test worker] changelog.ChangeSet. - Null constraint dropped from vault_linear_states.transaction_id {changeSet=migration/vault-schema.changelog-v13.xml::vault_transaction_id_size::R3.Corda, databaseChangeLog=master.changelog.json}
?[m?[37m[INFO] 19:30:19,085 [Test worker] jvm.JdbcExecutor. - ALTER TABLE PUBLIC.vault_linear_states_parts ALTER COLUMN transaction_id SET NULL {changeSet=migration/vault-schema.changelog-v13.xml::vault_transaction_id_size::R3.Corda, databaseChangeLog=master.changelog.json}
?[m?[37m[INFO] 19:30:19,088 [Test worker] changelog.ChangeSet. - Null constraint dropped from vault_linear_states_parts.transaction_id {changeSet=migration/vault-schema.changelog-v13.xml::vault_transaction_id_size::R3.Corda, databaseChangeLog=master.changelog.json}
?[m?[37m[INFO] 19:30:19,088 [Test worker] jvm.JdbcExecutor. - ALTER TABLE PUBLIC.vault_states ALTER COLUMN transaction_id SET NULL {changeSet=migration/vault-schema.changelog-v13.xml::vault_transaction_id_size::R3.Corda, databaseChangeLog=master.changelog.json}
?[m?[37m[INFO] 19:30:19,090 [Test worker] changelog.ChangeSet. - Null constraint dropped from vault_states.transaction_id {changeSet=migration/vault-schema.changelog-v13.xml::vault_transaction_id_size::R3.Corda, databaseChangeLog=master.changelog.json}
?[m?[37m[INFO] 19:30:19,092 [Test worker] jvm.JdbcExecutor. - ALTER TABLE PUBLIC.vault_fungible_states ALTER COLUMN transaction_id NVARCHAR(144) {changeSet=migration/vault-schema.changelog-v13.xml::vault_transaction_id_size::R3.Corda, databaseChangeLog=master.changelog.json}
?[m?[37m[INFO] 19:30:19,106 [Test worker] changelog.ChangeSet. - vault_fungible_states.transaction_id datatype was changed to NVARCHAR(144) {changeSet=migration/vault-schema.changelog-v13.xml::vault_transaction_id_size::R3.Corda, databaseChangeLog=master.changelog.json}
?[m?[37m[INFO] 19:30:19,106 [Test worker] jvm.JdbcExecutor. - ALTER TABLE PUBLIC.vault_fungible_states_parts ALTER COLUMN transaction_id NVARCHAR(144) {changeSet=migration/vault-schema.changelog-v13.xml::vault_transaction_id_size::R3.Corda, databaseChangeLog=master.changelog.json}
?[m?[37m[INFO] 19:30:19,118 [Test worker] changelog.ChangeSet. - vault_fungible_states_parts.transaction_id datatype was changed to NVARCHAR(144) {changeSet=migration/vault-schema.changelog-v13.xml::vault_transaction_id_size::R3.Corda, databaseChangeLog=master.changelog.json}
?[m?[37m[INFO] 19:30:19,119 [Test worker] jvm.JdbcExecutor. - ALTER TABLE PUBLIC.vault_linear_states ALTER COLUMN transaction_id NVARCHAR(144) {changeSet=migration/vault-schema.changelog-v13.xml::vault_transaction_id_size::R3.Corda, databaseChangeLog=master.changelog.json}
?[m?[37m[INFO] 19:30:19,151 [Test worker] changelog.ChangeSet. - vault_linear_states.transaction_id datatype was changed to NVARCHAR(144) {changeSet=migration/vault-schema.changelog-v13.xml::vault_transaction_id_size::R3.Corda, databaseChangeLog=master.changelog.json}
?[m?[37m[INFO] 19:30:19,152 [Test worker] jvm.JdbcExecutor. - ALTER TABLE PUBLIC.vault_linear_states_parts ALTER COLUMN transaction_id NVARCHAR(144) {changeSet=migration/vault-schema.changelog-v13.xml::vault_transaction_id_size::R3.Corda, databaseChangeLog=master.changelog.json}
?[m?[37m[INFO] 19:30:19,161 [Test worker] changelog.ChangeSet. - vault_linear_states_parts.transaction_id datatype was changed to NVARCHAR(144) {changeSet=migration/vault-schema.changelog-v13.xml::vault_transaction_id_size::R3.Corda, databaseChangeLog=master.changelog.json}
?[m?[37m[INFO] 19:30:19,163 [Test worker] jvm.JdbcExecutor. - ALTER TABLE PUBLIC.vault_states ALTER COLUMN transaction_id NVARCHAR(144) {changeSet=migration/vault-schema.changelog-v13.xml::vault_transaction_id_size::R3.Corda, databaseChangeLog=master.changelog.json}
?[m?[37m[INFO] 19:30:19,177 [Test worker] changelog.ChangeSet. - vault_states.transaction_id datatype was changed to NVARCHAR(144) {changeSet=migration/vault-schema.changelog-v13.xml::vault_transaction_id_size::R3.Corda, databaseChangeLog=master.changelog.json}
?[m?[37m[INFO] 19:30:19,177 [Test worker] jvm.JdbcExecutor. - ALTER TABLE PUBLIC.vault_transaction_notes ALTER COLUMN transaction_id NVARCHAR(144) {changeSet=migration/vault-schema.changelog-v13.xml::vault_transaction_id_size::R3.Corda, databaseChangeLog=master.changelog.json}
?[m?[37m[INFO] 19:30:19,190 [Test worker] changelog.ChangeSet. - vault_transaction_notes.transaction_id datatype was changed to NVARCHAR(144) {changeSet=migration/vault-schema.changelog-v13.xml::vault_transaction_id_size::R3.Corda, databaseChangeLog=master.changelog.json}
?[m?[37m[INFO] 19:30:19,190 [Test worker] jvm.JdbcExecutor. - ALTER TABLE PUBLIC.state_party ALTER COLUMN transaction_id NVARCHAR(144) {changeSet=migration/vault-schema.changelog-v13.xml::vault_transaction_id_size::R3.Corda, databaseChangeLog=master.changelog.json}
?[m?[37m[INFO] 19:30:19,199 [Test worker] changelog.ChangeSet. - state_party.transaction_id datatype was changed to NVARCHAR(144) {changeSet=migration/vault-schema.changelog-v13.xml::vault_transaction_id_size::R3.Corda, databaseChangeLog=master.changelog.json}
?[m?[37m[INFO] 19:30:19,199 [Test worker] jvm.JdbcExecutor. - ALTER TABLE PUBLIC.vault_fungible_states ALTER COLUMN transaction_id SET NOT NULL {changeSet=migration/vault-schema.changelog-v13.xml::vault_transaction_id_size::R3.Corda, databaseChangeLog=master.changelog.json}
?[m?[37m[INFO] 19:30:19,217 [Test worker] changelog.ChangeSet. - NOT NULL constraint has been added to vault_fungible_states.transaction_id {changeSet=migration/vault-schema.changelog-v13.xml::vault_transaction_id_size::R3.Corda, databaseChangeLog=master.changelog.json}
?[m?[37m[INFO] 19:30:19,218 [Test worker] jvm.JdbcExecutor. - ALTER TABLE PUBLIC.vault_fungible_states_parts ALTER COLUMN transaction_id SET NOT NULL {changeSet=migration/vault-schema.changelog-v13.xml::vault_transaction_id_size::R3.Corda, databaseChangeLog=master.changelog.json}
?[m?[37m[INFO] 19:30:19,219 [Test worker] changelog.ChangeSet. - NOT NULL constraint has been added to vault_fungible_states_parts.transaction_id {changeSet=migration/vault-schema.changelog-v13.xml::vault_transaction_id_size::R3.Corda, databaseChangeLog=master.changelog.json}
?[m?[37m[INFO] 19:30:19,220 [Test worker] jvm.JdbcExecutor. - ALTER TABLE PUBLIC.vault_linear_states ALTER COLUMN transaction_id SET NOT NULL {changeSet=migration/vault-schema.changelog-v13.xml::vault_transaction_id_size::R3.Corda, databaseChangeLog=master.changelog.json}
?[m?[37m[INFO] 19:30:19,221 [Test worker] changelog.ChangeSet. - NOT NULL constraint has been added to vault_linear_states.transaction_id {changeSet=migration/vault-schema.changelog-v13.xml::vault_transaction_id_size::R3.Corda, databaseChangeLog=master.changelog.json}
?[m?[37m[INFO] 19:30:19,222 [Test worker] jvm.JdbcExecutor. - ALTER TABLE PUBLIC.vault_linear_states_parts ALTER COLUMN transaction_id SET NOT NULL {changeSet=migration/vault-schema.changelog-v13.xml::vault_transaction_id_size::R3.Corda, databaseChangeLog=master.changelog.json}
?[m?[37m[INFO] 19:30:19,224 [Test worker] changelog.ChangeSet. - NOT NULL constraint has been added to vault_linear_states_parts.transaction_id {changeSet=migration/vault-schema.changelog-v13.xml::vault_transaction_id_size::R3.Corda, databaseChangeLog=master.changelog.json}
?[m?[37m[INFO] 19:30:19,224 [Test worker] jvm.JdbcExecutor. - ALTER TABLE PUBLIC.vault_states ALTER COLUMN transaction_id SET NOT NULL {changeSet=migration/vault-schema.changelog-v13.xml::vault_transaction_id_size::R3.Corda, databaseChangeLog=master.changelog.json}
?[m?[37m[INFO] 19:30:19,226 [Test worker] changelog.ChangeSet. - NOT NULL constraint has been added to vault_states.transaction_id {changeSet=migration/vault-schema.changelog-v13.xml::vault_transaction_id_size::R3.Corda, databaseChangeLog=master.changelog.json}
?[m?[37m[INFO] 19:30:19,226 [Test worker] jvm.JdbcExecutor. - ALTER TABLE PUBLIC.vault_fungible_states ADD CONSTRAINT vault_fungible_states_pkey PRIMARY KEY (transaction_id, output_index) {changeSet=migration/vault-schema.changelog-v13.xml::vault_transaction_id_size::R3.Corda, databaseChangeLog=master.changelog.json}
?[m?[37m[INFO] 19:30:19,228 [Test worker] changelog.ChangeSet. - Primary key added to vault_fungible_states (transaction_id, output_index) {changeSet=migration/vault-schema.changelog-v13.xml::vault_transaction_id_size::R3.Corda, databaseChangeLog=master.changelog.json}
?[m?[37m[INFO] 19:30:19,229 [Test worker] jvm.JdbcExecutor. - ALTER TABLE PUBLIC.vault_linear_states ADD CONSTRAINT vault_linear_states_pkey PRIMARY KEY (transaction_id, output_index) {changeSet=migration/vault-schema.changelog-v13.xml::vault_transaction_id_size::R3.Corda, databaseChangeLog=master.changelog.json}
?[m?[37m[INFO] 19:30:19,230 [Test worker] changelog.ChangeSet. - Primary key added to vault_linear_states (transaction_id, output_index) {changeSet=migration/vault-schema.changelog-v13.xml::vault_transaction_id_size::R3.Corda, databaseChangeLog=master.changelog.json}
?[m?[37m[INFO] 19:30:19,230 [Test worker] jvm.JdbcExecutor. - ALTER TABLE PUBLIC.vault_states ADD CONSTRAINT vault_states_pkey PRIMARY KEY (transaction_id, output_index) {changeSet=migration/vault-schema.changelog-v13.xml::vault_transaction_id_size::R3.Corda, databaseChangeLog=master.changelog.json}
?[m?[37m[INFO] 19:30:19,232 [Test worker] changelog.ChangeSet. - Primary key added to vault_states (transaction_id, output_index) {changeSet=migration/vault-schema.changelog-v13.xml::vault_transaction_id_size::R3.Corda, databaseChangeLog=master.changelog.json}
?[m?[37m[INFO] 19:30:19,232 [Test worker] jvm.JdbcExecutor. - CREATE INDEX PUBLIC.transaction_id_index ON PUBLIC.vault_transaction_notes(transaction_id) {changeSet=migration/vault-schema.changelog-v13.xml::vault_transaction_id_size::R3.Corda, databaseChangeLog=master.changelog.json}
?[m?[37m[INFO] 19:30:19,234 [Test worker] changelog.ChangeSet. - Index transaction_id_index created {changeSet=migration/vault-schema.changelog-v13.xml::vault_transaction_id_size::R3.Corda, databaseChangeLog=master.changelog.json}
?[m?[37m[INFO] 19:30:19,234 [Test worker] changelog.ChangeSet. - ChangeSet migration/vault-schema.changelog-v13.xml::vault_transaction_id_size::R3.Corda ran successfully in 193ms {changeSet=migration/vault-schema.changelog-v13.xml::vault_transaction_id_size::R3.Corda, databaseChangeLog=master.changelog.json}
?[m?[37m[INFO] 19:30:19,235 [Test worker] jvm.JdbcExecutor. - SELECT MAX(ORDEREXECUTED) FROM PUBLIC.DATABASECHANGELOG {changeSet=migration/vault-schema.changelog-v13.xml::vault_transaction_id_size::R3.Corda, databaseChangeLog=master.changelog.json}
?[m?[37m[INFO] 19:30:19,243 [Test worker] jvm.JdbcExecutor. - INSERT INTO PUBLIC.DATABASECHANGELOG (ID, AUTHOR, FILENAME, DATEEXECUTED, ORDEREXECUTED, MD5SUM, DESCRIPTION, COMMENTS, EXECTYPE, CONTEXTS, LABELS, LIQUIBASE, DEPLOYMENT_ID) VALUES ('vault_transaction_id_size', 'R3.Corda', 'migration/vault-schema.changelog-v13.xml', NOW(), 94, '8:6251c962c4f12e03040c4fceecdc07e0', 'dropView viewName=v_pkey_hash_ex_id_map; dropForeignKeyConstraint baseTableName=vault_fungible_states_parts, constraintName=FK__fung_st_parts__fung_st; dropForeignKeyConstraint baseTableName=vault_linear_states_parts, constraintName=FK__lin_stat_p...', '', 'EXECUTED', NULL, NULL, '3.6.3', '4396019010') {changeSet=migration/vault-schema.changelog-v13.xml::vault_transaction_id_size::R3.Corda, databaseChangeLog=master.changelog.json}
?[m?[37m[INFO] 19:30:19,248 [Test worker] jvm.JdbcExecutor. - INSERT INTO PUBLIC.DATABASECHANGELOG (ID, AUTHOR, FILENAME, DATEEXECUTED, ORDEREXECUTED, MD5SUM, DESCRIPTION, COMMENTS, EXECTYPE, CONTEXTS, LABELS, LIQUIBASE, DEPLOYMENT_ID) VALUES ('vault_transaction_id_size_non-clustered_pk-1', 'R3.Corda', 'migration/vault-schema.changelog-v13.xml', NOW(), 95, '8:d9c822bbaf7c5eea4cd2559f94a17eba', 'dropPrimaryKey constraintName=vault_fungible_states_pkey, tableName=vault_fungible_states; addPrimaryKey constraintName=vault_fungible_states_pkey, tableName=vault_fungible_states', '', 'MARK_RAN', NULL, NULL, '3.6.3', '4396019010') {changeSet=migration/vault-schema.changelog-v13.xml::vault_transaction_id_size_non-clustered_pk-1::R3.Corda, databaseChangeLog=master.changelog.json}
?[m?[37m[INFO] 19:30:19,252 [Test worker] jvm.JdbcExecutor. - INSERT INTO PUBLIC.DATABASECHANGELOG (ID, AUTHOR, FILENAME, DATEEXECUTED, ORDEREXECUTED, MD5SUM, DESCRIPTION, COMMENTS, EXECTYPE, CONTEXTS, LABELS, LIQUIBASE, DEPLOYMENT_ID) VALUES ('vault_transaction_id_size_non-clustered_pk-2', 'R3.Corda', 'migration/vault-schema.changelog-v13.xml', NOW(), 96, '8:fb2cd4970e95f7c7936b9754a6438da5', 'dropPrimaryKey constraintName=vault_linear_states_pkey, tableName=vault_linear_states; addPrimaryKey constraintName=vault_linear_states_pkey, tableName=vault_linear_states', '', 'MARK_RAN', NULL, NULL, '3.6.3', '4396019010') {changeSet=migration/vault-schema.changelog-v13.xml::vault_transaction_id_size_non-clustered_pk-2::R3.Corda, databaseChangeLog=master.changelog.json}
?[m?[37m[INFO] 19:30:19,255 [Test worker] jvm.JdbcExecutor. - INSERT INTO PUBLIC.DATABASECHANGELOG (ID, AUTHOR, FILENAME, DATEEXECUTED, ORDEREXECUTED, MD5SUM, DESCRIPTION, COMMENTS, EXECTYPE, CONTEXTS, LABELS, LIQUIBASE, DEPLOYMENT_ID) VALUES ('vault_transaction_id_size_non-clustered_pk-3', 'R3.Corda', 'migration/vault-schema.changelog-v13.xml', NOW(), 97, '8:54bd9c17ce296bb02c369a5cfbedd866', 'dropPrimaryKey constraintName=vault_states_pkey, tableName=vault_states; addPrimaryKey constraintName=vault_states_pkey, tableName=vault_states', '', 'MARK_RAN', NULL, NULL, '3.6.3', '4396019010') {changeSet=migration/vault-schema.changelog-v13.xml::vault_transaction_id_size_non-clustered_pk-3::R3.Corda, databaseChangeLog=master.changelog.json}
?[m?[37m[INFO] 19:30:19,259 [Test worker] jvm.JdbcExecutor. - ALTER TABLE PUBLIC.vault_fungible_states_parts ADD CONSTRAINT FK__fung_st_parts__fung_st FOREIGN KEY (transaction_id, output_index) REFERENCES PUBLIC.vault_fungible_states (transaction_id, output_index) {changeSet=migration/vault-schema.changelog-v13.xml::vault_transaction_id_size_2::R3.Corda, databaseChangeLog=master.changelog.json}
?[m?[37m[INFO] 19:30:19,266 [Test worker] changelog.ChangeSet. - Foreign key constraint added to vault_fungible_states_parts (transaction_id,output_index) {changeSet=migration/vault-schema.changelog-v13.xml::vault_transaction_id_size_2::R3.Corda, databaseChangeLog=master.changelog.json}
?[m?[37m[INFO] 19:30:19,266 [Test worker] jvm.JdbcExecutor. - ALTER TABLE PUBLIC.vault_linear_states_parts ADD CONSTRAINT FK__lin_stat_parts__lin_stat FOREIGN KEY (transaction_id, output_index) REFERENCES PUBLIC.vault_linear_states (transaction_id, output_index) {changeSet=migration/vault-schema.changelog-v13.xml::vault_transaction_id_size_2::R3.Corda, databaseChangeLog=master.changelog.json}
?[m?[37m[INFO] 19:30:19,270 [Test worker] changelog.ChangeSet. - Foreign key constraint added to vault_linear_states_parts (transaction_id,output_index) {changeSet=migration/vault-schema.changelog-v13.xml::vault_transaction_id_size_2::R3.Corda, databaseChangeLog=master.changelog.json}
?[m?[37m[INFO] 19:30:19,272 [Test worker] jvm.JdbcExecutor. - CREATE VIEW PUBLIC.v_pkey_hash_ex_id_map AS select
            state_party.public_key_hash,
            state_party.transaction_id,
            state_party.output_index,
            pk_hash_to_ext_id_map.external_id
            from state_party
            join pk_hash_to_ext_id_map
            on state_party.public_key_hash = pk_hash_to_ext_id_map.public_key_hash {changeSet=migration/vault-schema.changelog-v13.xml::vault_transaction_id_size_2::R3.Corda, databaseChangeLog=master.changelog.json}
?[m?[37m[INFO] 19:30:19,274 [Test worker] changelog.ChangeSet. - View v_pkey_hash_ex_id_map created {changeSet=migration/vault-schema.changelog-v13.xml::vault_transaction_id_size_2::R3.Corda, databaseChangeLog=master.changelog.json}
?[m?[37m[INFO] 19:30:19,274 [Test worker] changelog.ChangeSet. - ChangeSet migration/vault-schema.changelog-v13.xml::vault_transaction_id_size_2::R3.Corda ran successfully in 16ms {changeSet=migration/vault-schema.changelog-v13.xml::vault_transaction_id_size_2::R3.Corda, databaseChangeLog=master.changelog.json}
?[m?[37m[INFO] 19:30:19,277 [Test worker] jvm.JdbcExecutor. - INSERT INTO PUBLIC.DATABASECHANGELOG (ID, AUTHOR, FILENAME, DATEEXECUTED, ORDEREXECUTED, MD5SUM, DESCRIPTION, COMMENTS, EXECTYPE, CONTEXTS, LABELS, LIQUIBASE, DEPLOYMENT_ID) VALUES ('vault_transaction_id_size_2', 'R3.Corda', 'migration/vault-schema.changelog-v13.xml', NOW(), 98, '8:39d3cb14fba7c771c1fd93a8ec497365', 'addForeignKeyConstraint baseTableName=vault_fungible_states_parts, constraintName=FK__fung_st_parts__fung_st, referencedTableName=vault_fungible_states; addForeignKeyConstraint baseTableName=vault_linear_states_parts, constraintName=FK__lin_stat_p...', '', 'EXECUTED', NULL, NULL, '3.6.3', '4396019010') {changeSet=migration/vault-schema.changelog-v13.xml::vault_transaction_id_size_2::R3.Corda, databaseChangeLog=master.changelog.json}
?[m?[37m[INFO] 19:30:19,281 [Test worker] jvm.JdbcExecutor. - ALTER TABLE PUBLIC.node_identities_no_cert ADD owning_pk_hash NVARCHAR(130) {changeSet=migration/node-services.changelog-init.xml::identity_service_key_rotation::R3.Corda, databaseChangeLog=master.changelog.json}
?[m?[37m[INFO] 19:30:19,290 [Test worker] changelog.ChangeSet. - Columns owning_pk_hash(NVARCHAR(130)) added to node_identities_no_cert {changeSet=migration/node-services.changelog-init.xml::identity_service_key_rotation::R3.Corda, databaseChangeLog=master.changelog.json}
?[m?[37m[INFO] 19:30:19,291 [Test worker] jvm.JdbcExecutor. - UPDATE node_identities_no_cert SET owning_pk_hash =
            (SELECT pk_hash FROM node_named_identities WHERE node_named_identities.name = node_identities_no_cert.name) {changeSet=migration/node-services.changelog-init.xml::identity_service_key_rotation::R3.Corda, databaseChangeLog=master.changelog.json}
?[m?[37m[INFO] 19:30:19,292 [Test worker] changelog.ChangeSet. - Custom SQL executed {changeSet=migration/node-services.changelog-init.xml::identity_service_key_rotation::R3.Corda, databaseChangeLog=master.changelog.json}
?[m?[37m[INFO] 19:30:19,293 [Test worker] jvm.JdbcExecutor. - UPDATE node_identities_no_cert SET owning_pk_hash = 'unresolved' WHERE owning_pk_hash IS NULL {changeSet=migration/node-services.changelog-init.xml::identity_service_key_rotation::R3.Corda, databaseChangeLog=master.changelog.json}
?[m?[37m[INFO] 19:30:19,293 [Test worker] changelog.ChangeSet. - Custom SQL executed {changeSet=migration/node-services.changelog-init.xml::identity_service_key_rotation::R3.Corda, databaseChangeLog=master.changelog.json}
?[m?[37m[INFO] 19:30:19,293 [Test worker] jvm.JdbcExecutor. - ALTER TABLE PUBLIC.node_identities_no_cert ALTER COLUMN owning_pk_hash SET NOT NULL {changeSet=migration/node-services.changelog-init.xml::identity_service_key_rotation::R3.Corda, databaseChangeLog=master.changelog.json}
?[m?[37m[INFO] 19:30:19,295 [Test worker] changelog.ChangeSet. - NOT NULL constraint has been added to node_identities_no_cert.owning_pk_hash {changeSet=migration/node-services.changelog-init.xml::identity_service_key_rotation::R3.Corda, databaseChangeLog=master.changelog.json}
?[m?[37m[INFO] 19:30:19,296 [Test worker] jvm.JdbcExecutor. - DROP TABLE PUBLIC.node_named_identities {changeSet=migration/node-services.changelog-init.xml::identity_service_key_rotation::R3.Corda, databaseChangeLog=master.changelog.json}
?[m?[37m[INFO] 19:30:19,298 [Test worker] changelog.ChangeSet. - Table node_named_identities dropped {changeSet=migration/node-services.changelog-init.xml::identity_service_key_rotation::R3.Corda, databaseChangeLog=master.changelog.json}
?[m?[37m[INFO] 19:30:19,298 [Test worker] changelog.ChangeSet. - ChangeSet migration/node-services.changelog-init.xml::identity_service_key_rotation::R3.Corda ran successfully in 18ms {changeSet=migration/node-services.changelog-init.xml::identity_service_key_rotation::R3.Corda, databaseChangeLog=master.changelog.json}
?[m?[37m[INFO] 19:30:19,300 [Test worker] jvm.JdbcExecutor. - INSERT INTO PUBLIC.DATABASECHANGELOG (ID, AUTHOR, FILENAME, DATEEXECUTED, ORDEREXECUTED, MD5SUM, DESCRIPTION, COMMENTS, EXECTYPE, CONTEXTS, LABELS, LIQUIBASE, DEPLOYMENT_ID) VALUES ('identity_service_key_rotation', 'R3.Corda', 'migration/node-services.changelog-init.xml', NOW(), 99, '8:45514f858c3ac818303f4ef9950eda23', 'addColumn tableName=node_identities_no_cert; sql; sql; addNotNullConstraint columnName=owning_pk_hash, tableName=node_identities_no_cert; dropTable tableName=node_named_identities', '', 'EXECUTED', NULL, NULL, '3.6.3', '4396019010') {changeSet=migration/node-services.changelog-init.xml::identity_service_key_rotation::R3.Corda, databaseChangeLog=master.changelog.json}
?[m?[37m[INFO] 19:30:19,303 [Test worker] jvm.JdbcExecutor. - CREATE TABLE PUBLIC.node_named_identities (name NVARCHAR(128) NOT NULL, pk_hash NVARCHAR(130)) {changeSet=migration/node-core.changelog-v22.xml::add_node_named_identities_table_back_in::R3.Corda, databaseChangeLog=master.changelog.json}
?[m?[37m[INFO] 19:30:19,305 [Test worker] changelog.ChangeSet. - Table node_named_identities created {changeSet=migration/node-core.changelog-v22.xml::add_node_named_identities_table_back_in::R3.Corda, databaseChangeLog=master.changelog.json}
?[m?[37m[INFO] 19:30:19,305 [Test worker] changelog.ChangeSet. - ChangeSet migration/node-core.changelog-v22.xml::add_node_named_identities_table_back_in::R3.Corda ran successfully in 3ms {changeSet=migration/node-core.changelog-v22.xml::add_node_named_identities_table_back_in::R3.Corda, databaseChangeLog=master.changelog.json}
?[m?[37m[INFO] 19:30:19,307 [Test worker] jvm.JdbcExecutor. - INSERT INTO PUBLIC.DATABASECHANGELOG (ID, AUTHOR, FILENAME, DATEEXECUTED, ORDEREXECUTED, MD5SUM, DESCRIPTION, COMMENTS, EXECTYPE, CONTEXTS, LABELS, LIQUIBASE, DEPLOYMENT_ID) VALUES ('add_node_named_identities_table_back_in', 'R3.Corda', 'migration/node-core.changelog-v22.xml', NOW(), 100, '8:bf6ca4e45e140b225f6f934935dd2f34', 'createTable tableName=node_named_identities', '', 'EXECUTED', NULL, NULL, '3.6.3', '4396019010') {changeSet=migration/node-core.changelog-v22.xml::add_node_named_identities_table_back_in::R3.Corda, databaseChangeLog=master.changelog.json}
?[m?[37m[INFO] 19:30:19,309 [Test worker] jvm.JdbcExecutor. - DROP TABLE PUBLIC.node_checkpoints {changeSet=migration/node-services.changelog-init.xml::add_new_checkpoints_table::R3.Corda, databaseChangeLog=master.changelog.json}
?[m?[37m[INFO] 19:30:19,314 [Test worker] changelog.ChangeSet. - Table node_checkpoints dropped {changeSet=migration/node-services.changelog-init.xml::add_new_checkpoints_table::R3.Corda, databaseChangeLog=master.changelog.json}
?[m?[37m[INFO] 19:30:19,315 [Test worker] jvm.JdbcExecutor. - CREATE TABLE PUBLIC.node_checkpoints (flow_id NVARCHAR(64) NOT NULL, status INT NOT NULL, compatible BOOLEAN NOT NULL, progress_step NVARCHAR(256), flow_io_request NVARCHAR(128), timestamp TIMESTAMP NOT NULL) {changeSet=migration/node-services.changelog-init.xml::add_new_checkpoints_table::R3.Corda, databaseChangeLog=master.changelog.json}
?[m?[37m[INFO] 19:30:19,317 [Test worker] changelog.ChangeSet. - Table node_checkpoints created {changeSet=migration/node-services.changelog-init.xml::add_new_checkpoints_table::R3.Corda, databaseChangeLog=master.changelog.json}
?[m?[37m[INFO] 19:30:19,317 [Test worker] changelog.ChangeSet. - ChangeSet migration/node-services.changelog-init.xml::add_new_checkpoints_table::R3.Corda ran successfully in 8ms {changeSet=migration/node-services.changelog-init.xml::add_new_checkpoints_table::R3.Corda, databaseChangeLog=master.changelog.json}
?[m?[37m[INFO] 19:30:19,319 [Test worker] jvm.JdbcExecutor. - INSERT INTO PUBLIC.DATABASECHANGELOG (ID, AUTHOR, FILENAME, DATEEXECUTED, ORDEREXECUTED, MD5SUM, DESCRIPTION, COMMENTS, EXECTYPE, CONTEXTS, LABELS, LIQUIBASE, DEPLOYMENT_ID) VALUES ('add_new_checkpoints_table', 'R3.Corda', 'migration/node-services.changelog-init.xml', NOW(), 101, '8:cc00474f248a40e330cf0f42c5b7e1a6', 'dropTable tableName=node_checkpoints; createTable tableName=node_checkpoints', '', 'EXECUTED', NULL, NULL, '3.6.3', '4396019010') {changeSet=migration/node-services.changelog-init.xml::add_new_checkpoints_table::R3.Corda, databaseChangeLog=master.changelog.json}
?[m?[37m[INFO] 19:30:19,323 [Test worker] jvm.JdbcExecutor. - CREATE TABLE PUBLIC.node_checkpoint_blobs (flow_id NVARCHAR(64) NOT NULL, checkpoint_value BLOB NOT NULL, flow_state BLOB, timestamp TIMESTAMP NOT NULL, hmac VARBINARY(32) NOT NULL) {changeSet=migration/node-services.changelog-init.xml::add_new_checkpoint_blob_table::R3.Corda, databaseChangeLog=master.changelog.json}
?[m?[37m[INFO] 19:30:19,324 [Test worker] changelog.ChangeSet. - Table node_checkpoint_blobs created {changeSet=migration/node-services.changelog-init.xml::add_new_checkpoint_blob_table::R3.Corda, databaseChangeLog=master.changelog.json}
?[m?[37m[INFO] 19:30:19,325 [Test worker] changelog.ChangeSet. - ChangeSet migration/node-services.changelog-init.xml::add_new_checkpoint_blob_table::R3.Corda ran successfully in 3ms {changeSet=migration/node-services.changelog-init.xml::add_new_checkpoint_blob_table::R3.Corda, databaseChangeLog=master.changelog.json}
?[m?[37m[INFO] 19:30:19,326 [Test worker] jvm.JdbcExecutor. - INSERT INTO PUBLIC.DATABASECHANGELOG (ID, AUTHOR, FILENAME, DATEEXECUTED, ORDEREXECUTED, MD5SUM, DESCRIPTION, COMMENTS, EXECTYPE, CONTEXTS, LABELS, LIQUIBASE, DEPLOYMENT_ID) VALUES ('add_new_checkpoint_blob_table', 'R3.Corda', 'migration/node-services.changelog-init.xml', NOW(), 102, '8:e973d6b794fe4753423964b13fe9fbe6', 'createTable tableName=node_checkpoint_blobs', '', 'EXECUTED', NULL, NULL, '3.6.3', '4396019010') {changeSet=migration/node-services.changelog-init.xml::add_new_checkpoint_blob_table::R3.Corda, databaseChangeLog=master.changelog.json}
?[m?[37m[INFO] 19:30:19,328 [Test worker] jvm.JdbcExecutor. - CREATE TABLE PUBLIC.node_flow_results (flow_id NVARCHAR(64) NOT NULL, result_value BLOB, timestamp TIMESTAMP NOT NULL) {changeSet=migration/node-services.changelog-init.xml::add_new_flow_result_table::R3.Corda, databaseChangeLog=master.changelog.json}
?[m?[37m[INFO] 19:30:19,330 [Test worker] changelog.ChangeSet. - Table node_flow_results created {changeSet=migration/node-services.changelog-init.xml::add_new_flow_result_table::R3.Corda, databaseChangeLog=master.changelog.json}
?[m?[37m[INFO] 19:30:19,330 [Test worker] changelog.ChangeSet. - ChangeSet migration/node-services.changelog-init.xml::add_new_flow_result_table::R3.Corda ran successfully in 3ms {changeSet=migration/node-services.changelog-init.xml::add_new_flow_result_table::R3.Corda, databaseChangeLog=master.changelog.json}
?[m?[37m[INFO] 19:30:19,332 [Test worker] jvm.JdbcExecutor. - INSERT INTO PUBLIC.DATABASECHANGELOG (ID, AUTHOR, FILENAME, DATEEXECUTED, ORDEREXECUTED, MD5SUM, DESCRIPTION, COMMENTS, EXECTYPE, CONTEXTS, LABELS, LIQUIBASE, DEPLOYMENT_ID) VALUES ('add_new_flow_result_table', 'R3.Corda', 'migration/node-services.changelog-init.xml', NOW(), 103, '8:79f1c80610f26db24d6ab757f57e68b7', 'createTable tableName=node_flow_results', '', 'EXECUTED', NULL, NULL, '3.6.3', '4396019010') {changeSet=migration/node-services.changelog-init.xml::add_new_flow_result_table::R3.Corda, databaseChangeLog=master.changelog.json}
?[m?[37m[INFO] 19:30:19,335 [Test worker] jvm.JdbcExecutor. - CREATE TABLE PUBLIC.node_flow_exceptions (flow_id NVARCHAR(64) NOT NULL, type NVARCHAR(256) NOT NULL, exception_message NVARCHAR(2000), stack_trace NVARCHAR(2000) NOT NULL, exception_value BLOB, timestamp TIMESTAMP NOT NULL) {changeSet=migration/node-services.changelog-init.xml::add_new_flow_exceptions_table::R3.Corda, databaseChangeLog=master.changelog.json}
?[m?[37m[INFO] 19:30:19,337 [Test worker] changelog.ChangeSet. - Table node_flow_exceptions created {changeSet=migration/node-services.changelog-init.xml::add_new_flow_exceptions_table::R3.Corda, databaseChangeLog=master.changelog.json}
?[m?[37m[INFO] 19:30:19,337 [Test worker] changelog.ChangeSet. - ChangeSet migration/node-services.changelog-init.xml::add_new_flow_exceptions_table::R3.Corda ran successfully in 3ms {changeSet=migration/node-services.changelog-init.xml::add_new_flow_exceptions_table::R3.Corda, databaseChangeLog=master.changelog.json}
?[m?[37m[INFO] 19:30:19,338 [Test worker] jvm.JdbcExecutor. - INSERT INTO PUBLIC.DATABASECHANGELOG (ID, AUTHOR, FILENAME, DATEEXECUTED, ORDEREXECUTED, MD5SUM, DESCRIPTION, COMMENTS, EXECTYPE, CONTEXTS, LABELS, LIQUIBASE, DEPLOYMENT_ID) VALUES ('add_new_flow_exceptions_table', 'R3.Corda', 'migration/node-services.changelog-init.xml', NOW(), 104, '8:fb0d523c5cf42025c566f105731b34a2', 'createTable tableName=node_flow_exceptions', '', 'EXECUTED', NULL, NULL, '3.6.3', '4396019010') {changeSet=migration/node-services.changelog-init.xml::add_new_flow_exceptions_table::R3.Corda, databaseChangeLog=master.changelog.json}
?[m?[37m[INFO] 19:30:19,341 [Test worker] jvm.JdbcExecutor. - CREATE TABLE PUBLIC.node_flow_metadata (flow_id NVARCHAR(64) NOT NULL, invocation_id NVARCHAR(128) NOT NULL, flow_name NVARCHAR(128) NOT NULL, flow_identifier NVARCHAR(512), started_type INT NOT NULL, flow_parameters BLOB NOT NULL, cordapp_name NVARCHAR(128) NOT NULL, platform_version INT NOT NULL, started_by NVARCHAR(128) NOT NULL, invocation_time TIMESTAMP NOT NULL, start_time TIMESTAMP NOT NULL, finish_time TIMESTAMP) {changeSet=migration/node-services.changelog-init.xml::add_new_flow_metadata_table::R3.Corda, databaseChangeLog=master.changelog.json}
?[m?[37m[INFO] 19:30:19,342 [Test worker] changelog.ChangeSet. - Table node_flow_metadata created {changeSet=migration/node-services.changelog-init.xml::add_new_flow_metadata_table::R3.Corda, databaseChangeLog=master.changelog.json}
?[m?[37m[INFO] 19:30:19,343 [Test worker] changelog.ChangeSet. - ChangeSet migration/node-services.changelog-init.xml::add_new_flow_metadata_table::R3.Corda ran successfully in 3ms {changeSet=migration/node-services.changelog-init.xml::add_new_flow_metadata_table::R3.Corda, databaseChangeLog=master.changelog.json}
?[m?[37m[INFO] 19:30:19,344 [Test worker] jvm.JdbcExecutor. - INSERT INTO PUBLIC.DATABASECHANGELOG (ID, AUTHOR, FILENAME, DATEEXECUTED, ORDEREXECUTED, MD5SUM, DESCRIPTION, COMMENTS, EXECTYPE, CONTEXTS, LABELS, LIQUIBASE, DEPLOYMENT_ID) VALUES ('add_new_flow_metadata_table', 'R3.Corda', 'migration/node-services.changelog-init.xml', NOW(), 105, '8:edede3ddf0425fb6d012735a7415013e', 'createTable tableName=node_flow_metadata', '', 'EXECUTED', NULL, NULL, '3.6.3', '4396019010') {changeSet=migration/node-services.changelog-init.xml::add_new_flow_metadata_table::R3.Corda, databaseChangeLog=master.changelog.json}
?[m?[37m[INFO] 19:30:19,347 [Test worker] jvm.JdbcExecutor. - ALTER TABLE PUBLIC.node_checkpoints ADD CONSTRAINT node_checkpoints_pk PRIMARY KEY (flow_id) {changeSet=migration/node-services.changelog-init.xml::add_new_checkpoint_schema_primary_keys-h2_postgres_oracle::R3.Corda, databaseChangeLog=master.changelog.json}
?[m?[37m[INFO] 19:30:19,348 [Test worker] changelog.ChangeSet. - Primary key added to node_checkpoints (flow_id) {changeSet=migration/node-services.changelog-init.xml::add_new_checkpoint_schema_primary_keys-h2_postgres_oracle::R3.Corda, databaseChangeLog=master.changelog.json}
?[m?[37m[INFO] 19:30:19,348 [Test worker] changelog.ChangeSet. - ChangeSet migration/node-services.changelog-init.xml::add_new_checkpoint_schema_primary_keys-h2_postgres_oracle::R3.Corda ran successfully in 2ms {changeSet=migration/node-services.changelog-init.xml::add_new_checkpoint_schema_primary_keys-h2_postgres_oracle::R3.Corda, databaseChangeLog=master.changelog.json}
?[m?[37m[INFO] 19:30:19,350 [Test worker] jvm.JdbcExecutor. - INSERT INTO PUBLIC.DATABASECHANGELOG (ID, AUTHOR, FILENAME, DATEEXECUTED, ORDEREXECUTED, MD5SUM, DESCRIPTION, COMMENTS, EXECTYPE, CONTEXTS, LABELS, LIQUIBASE, DEPLOYMENT_ID) VALUES ('add_new_checkpoint_schema_primary_keys-h2_postgres_oracle', 'R3.Corda', 'migration/node-services.changelog-init.xml', NOW(), 106, '8:23141f3e3b5917c1cd0196f7b03b8f71', 'addPrimaryKey constraintName=node_checkpoints_pk, tableName=node_checkpoints', '', 'EXECUTED', NULL, NULL, '3.6.3', '4396019010') {changeSet=migration/node-services.changelog-init.xml::add_new_checkpoint_schema_primary_keys-h2_postgres_oracle::R3.Corda, databaseChangeLog=master.changelog.json}
?[m?[37m[INFO] 19:30:19,352 [Test worker] jvm.JdbcExecutor. - CREATE UNIQUE INDEX PUBLIC.node_checkpoint_blobs_idx ON PUBLIC.node_checkpoint_blobs(flow_id) {changeSet=migration/node-services.changelog-init.xml::add_new_checkpoint_schema_indexes::R3.Corda, databaseChangeLog=master.changelog.json}
?[m?[37m[INFO] 19:30:19,354 [Test worker] changelog.ChangeSet. - Index node_checkpoint_blobs_idx created {changeSet=migration/node-services.changelog-init.xml::add_new_checkpoint_schema_indexes::R3.Corda, databaseChangeLog=master.changelog.json}
?[m?[37m[INFO] 19:30:19,354 [Test worker] jvm.JdbcExecutor. - CREATE UNIQUE INDEX PUBLIC.node_flow_results_idx ON PUBLIC.node_flow_results(flow_id) {changeSet=migration/node-services.changelog-init.xml::add_new_checkpoint_schema_indexes::R3.Corda, databaseChangeLog=master.changelog.json}
?[m?[37m[INFO] 19:30:19,356 [Test worker] changelog.ChangeSet. - Index node_flow_results_idx created {changeSet=migration/node-services.changelog-init.xml::add_new_checkpoint_schema_indexes::R3.Corda, databaseChangeLog=master.changelog.json}
?[m?[37m[INFO] 19:30:19,356 [Test worker] jvm.JdbcExecutor. - CREATE UNIQUE INDEX PUBLIC.node_flow_exceptions_idx ON PUBLIC.node_flow_exceptions(flow_id) {changeSet=migration/node-services.changelog-init.xml::add_new_checkpoint_schema_indexes::R3.Corda, databaseChangeLog=master.changelog.json}
?[m?[37m[INFO] 19:30:19,358 [Test worker] changelog.ChangeSet. - Index node_flow_exceptions_idx created {changeSet=migration/node-services.changelog-init.xml::add_new_checkpoint_schema_indexes::R3.Corda, databaseChangeLog=master.changelog.json}
?[m?[37m[INFO] 19:30:19,358 [Test worker] jvm.JdbcExecutor. - CREATE UNIQUE INDEX PUBLIC.node_flow_metadata_idx ON PUBLIC.node_flow_metadata(flow_id) {changeSet=migration/node-services.changelog-init.xml::add_new_checkpoint_schema_indexes::R3.Corda, databaseChangeLog=master.changelog.json}
?[m?[37m[INFO] 19:30:19,359 [Test worker] changelog.ChangeSet. - Index node_flow_metadata_idx created {changeSet=migration/node-services.changelog-init.xml::add_new_checkpoint_schema_indexes::R3.Corda, databaseChangeLog=master.changelog.json}
?[m?[37m[INFO] 19:30:19,360 [Test worker] changelog.ChangeSet. - ChangeSet migration/node-services.changelog-init.xml::add_new_checkpoint_schema_indexes::R3.Corda ran successfully in 8ms {changeSet=migration/node-services.changelog-init.xml::add_new_checkpoint_schema_indexes::R3.Corda, databaseChangeLog=master.changelog.json}
?[m?[37m[INFO] 19:30:19,361 [Test worker] jvm.JdbcExecutor. - INSERT INTO PUBLIC.DATABASECHANGELOG (ID, AUTHOR, FILENAME, DATEEXECUTED, ORDEREXECUTED, MD5SUM, DESCRIPTION, COMMENTS, EXECTYPE, CONTEXTS, LABELS, LIQUIBASE, DEPLOYMENT_ID) VALUES ('add_new_checkpoint_schema_indexes', 'R3.Corda', 'migration/node-services.changelog-init.xml', NOW(), 107, '8:56612ddd39f61523990e27c1b429f467', 'createIndex indexName=node_checkpoint_blobs_idx, tableName=node_checkpoint_blobs; createIndex indexName=node_flow_results_idx, tableName=node_flow_results; createIndex indexName=node_flow_exceptions_idx, tableName=node_flow_exceptions; createIndex...', '', 'EXECUTED', NULL, NULL, '3.6.3', '4396019010') {changeSet=migration/node-services.changelog-init.xml::add_new_checkpoint_schema_indexes::R3.Corda, databaseChangeLog=master.changelog.json}
?[m?[37m[INFO] 19:30:19,364 [Test worker] jvm.JdbcExecutor. - ALTER TABLE PUBLIC.node_transactions DROP PRIMARY KEY {changeSet=migration/node-core.changelog-v21.xml::node_transaction_id_size::R3.Corda, databaseChangeLog=master.changelog.json}
?[m?[37m[INFO] 19:30:19,365 [Test worker] changelog.ChangeSet. - Primary key dropped from node_transactions {changeSet=migration/node-core.changelog-v21.xml::node_transaction_id_size::R3.Corda, databaseChangeLog=master.changelog.json}
?[m?[37m[INFO] 19:30:19,366 [Test worker] jvm.JdbcExecutor. - ALTER TABLE PUBLIC.node_scheduled_states DROP PRIMARY KEY {changeSet=migration/node-core.changelog-v21.xml::node_transaction_id_size::R3.Corda, databaseChangeLog=master.changelog.json}
?[m?[37m[INFO] 19:30:19,367 [Test worker] changelog.ChangeSet. - Primary key dropped from node_scheduled_states {changeSet=migration/node-core.changelog-v21.xml::node_transaction_id_size::R3.Corda, databaseChangeLog=master.changelog.json}
?[m?[37m[INFO] 19:30:19,368 [Test worker] jvm.JdbcExecutor. - ALTER TABLE PUBLIC.node_transactions ALTER COLUMN tx_id SET NULL {changeSet=migration/node-core.changelog-v21.xml::node_transaction_id_size::R3.Corda, databaseChangeLog=master.changelog.json}
?[m?[37m[INFO] 19:30:19,369 [Test worker] changelog.ChangeSet. - Null constraint dropped from node_transactions.tx_id {changeSet=migration/node-core.changelog-v21.xml::node_transaction_id_size::R3.Corda, databaseChangeLog=master.changelog.json}
?[m?[37m[INFO] 19:30:19,369 [Test worker] jvm.JdbcExecutor. - ALTER TABLE PUBLIC.node_scheduled_states ALTER COLUMN transaction_id SET NULL {changeSet=migration/node-core.changelog-v21.xml::node_transaction_id_size::R3.Corda, databaseChangeLog=master.changelog.json}
?[m?[37m[INFO] 19:30:19,370 [Test worker] changelog.ChangeSet. - Null constraint dropped from node_scheduled_states.transaction_id {changeSet=migration/node-core.changelog-v21.xml::node_transaction_id_size::R3.Corda, databaseChangeLog=master.changelog.json}
?[m?[37m[INFO] 19:30:19,371 [Test worker] jvm.JdbcExecutor. - ALTER TABLE PUBLIC.node_transactions ALTER COLUMN tx_id NVARCHAR(144) {changeSet=migration/node-core.changelog-v21.xml::node_transaction_id_size::R3.Corda, databaseChangeLog=master.changelog.json}
?[m?[37m[INFO] 19:30:19,376 [Test worker] changelog.ChangeSet. - node_transactions.tx_id datatype was changed to NVARCHAR(144) {changeSet=migration/node-core.changelog-v21.xml::node_transaction_id_size::R3.Corda, databaseChangeLog=master.changelog.json}
?[m?[37m[INFO] 19:30:19,376 [Test worker] jvm.JdbcExecutor. - ALTER TABLE PUBLIC.node_scheduled_states ALTER COLUMN transaction_id NVARCHAR(144) {changeSet=migration/node-core.changelog-v21.xml::node_transaction_id_size::R3.Corda, databaseChangeLog=master.changelog.json}
?[m?[37m[INFO] 19:30:19,381 [Test worker] changelog.ChangeSet. - node_scheduled_states.transaction_id datatype was changed to NVARCHAR(144) {changeSet=migration/node-core.changelog-v21.xml::node_transaction_id_size::R3.Corda, databaseChangeLog=master.changelog.json}
?[m?[37m[INFO] 19:30:19,395 [Test worker] jvm.JdbcExecutor. - ALTER TABLE PUBLIC.node_transactions ALTER COLUMN tx_id SET NOT NULL {changeSet=migration/node-core.changelog-v21.xml::node_transaction_id_size::R3.Corda, databaseChangeLog=master.changelog.json}
?[m?[37m[INFO] 19:30:19,397 [Test worker] changelog.ChangeSet. - NOT NULL constraint has been added to node_transactions.tx_id {changeSet=migration/node-core.changelog-v21.xml::node_transaction_id_size::R3.Corda, databaseChangeLog=master.changelog.json}
?[m?[37m[INFO] 19:30:19,397 [Test worker] jvm.JdbcExecutor. - ALTER TABLE PUBLIC.node_scheduled_states ALTER COLUMN transaction_id SET NOT NULL {changeSet=migration/node-core.changelog-v21.xml::node_transaction_id_size::R3.Corda, databaseChangeLog=master.changelog.json}
?[m?[37m[INFO] 19:30:19,399 [Test worker] changelog.ChangeSet. - NOT NULL constraint has been added to node_scheduled_states.transaction_id {changeSet=migration/node-core.changelog-v21.xml::node_transaction_id_size::R3.Corda, databaseChangeLog=master.changelog.json}
?[m?[37m[INFO] 19:30:19,399 [Test worker] jvm.JdbcExecutor. - ALTER TABLE PUBLIC.node_transactions ADD CONSTRAINT node_transactions_pkey PRIMARY KEY (tx_id) {changeSet=migration/node-core.changelog-v21.xml::node_transaction_id_size::R3.Corda, databaseChangeLog=master.changelog.json}
?[m?[37m[INFO] 19:30:19,401 [Test worker] changelog.ChangeSet. - Primary key added to node_transactions (tx_id) {changeSet=migration/node-core.changelog-v21.xml::node_transaction_id_size::R3.Corda, databaseChangeLog=master.changelog.json}
?[m?[37m[INFO] 19:30:19,401 [Test worker] jvm.JdbcExecutor. - ALTER TABLE PUBLIC.node_scheduled_states ADD CONSTRAINT node_scheduled_states_pkey PRIMARY KEY (output_index, transaction_id) {changeSet=migration/node-core.changelog-v21.xml::node_transaction_id_size::R3.Corda, databaseChangeLog=master.changelog.json}
?[m?[37m[INFO] 19:30:19,403 [Test worker] changelog.ChangeSet. - Primary key added to node_scheduled_states (output_index, transaction_id) {changeSet=migration/node-core.changelog-v21.xml::node_transaction_id_size::R3.Corda, databaseChangeLog=master.changelog.json}
?[m?[37m[INFO] 19:30:19,403 [Test worker] changelog.ChangeSet. - ChangeSet migration/node-core.changelog-v21.xml::node_transaction_id_size::R3.Corda ran successfully in 40ms {changeSet=migration/node-core.changelog-v21.xml::node_transaction_id_size::R3.Corda, databaseChangeLog=master.changelog.json}
?[m?[37m[INFO] 19:30:19,404 [Test worker] jvm.JdbcExecutor. - INSERT INTO PUBLIC.DATABASECHANGELOG (ID, AUTHOR, FILENAME, DATEEXECUTED, ORDEREXECUTED, MD5SUM, DESCRIPTION, COMMENTS, EXECTYPE, CONTEXTS, LABELS, LIQUIBASE, DEPLOYMENT_ID) VALUES ('node_transaction_id_size', 'R3.Corda', 'migration/node-core.changelog-v21.xml', NOW(), 108, '8:9267fdf76dd8a7da392f65d5422718c3', 'dropPrimaryKey constraintName=node_transactions_pkey, tableName=node_transactions; dropPrimaryKey constraintName=node_scheduled_states_pkey, tableName=node_scheduled_states; dropNotNullConstraint columnName=tx_id, tableName=node_transactions; drop...', '', 'EXECUTED', NULL, NULL, '3.6.3', '4396019010') {changeSet=migration/node-core.changelog-v21.xml::node_transaction_id_size::R3.Corda, databaseChangeLog=master.changelog.json}
?[m?[37m[INFO] 19:30:19,408 [Test worker] jvm.JdbcExecutor. - INSERT INTO PUBLIC.DATABASECHANGELOG (ID, AUTHOR, FILENAME, DATEEXECUTED, ORDEREXECUTED, MD5SUM, DESCRIPTION, COMMENTS, EXECTYPE, CONTEXTS, LABELS, LIQUIBASE, DEPLOYMENT_ID) VALUES ('node_transaction_id_size_non-clustered_pk', 'R3.Corda', 'migration/node-core.changelog-v21.xml', NOW(), 109, '8:64773359f27e2f85fe6df6097823ce69', 'dropPrimaryKey constraintName=node_transactions_pkey, tableName=node_transactions; addPrimaryKey constraintName=node_transactions_pkey, tableName=node_transactions', '', 'MARK_RAN', NULL, NULL, '3.6.3', '4396019010') {changeSet=migration/node-core.changelog-v21.xml::node_transaction_id_size_non-clustered_pk::R3.Corda, databaseChangeLog=master.changelog.json}
?[m?[37m[INFO] 19:30:19,410 [Test worker] jvm.JdbcExecutor. - ALTER TABLE PUBLIC.node_contract_upgrades DROP PRIMARY KEY {changeSet=migration/node-core.changelog-v21.xml::node_contract_upgrades_state_ref_size::R3.Corda, databaseChangeLog=master.changelog.json}
?[m?[37m[INFO] 19:30:19,411 [Test worker] changelog.ChangeSet. - Primary key dropped from node_contract_upgrades {changeSet=migration/node-core.changelog-v21.xml::node_contract_upgrades_state_ref_size::R3.Corda, databaseChangeLog=master.changelog.json}
?[m?[37m[INFO] 19:30:19,412 [Test worker] jvm.JdbcExecutor. - ALTER TABLE PUBLIC.node_contract_upgrades ALTER COLUMN state_ref SET NULL {changeSet=migration/node-core.changelog-v21.xml::node_contract_upgrades_state_ref_size::R3.Corda, databaseChangeLog=master.changelog.json}
?[m?[37m[INFO] 19:30:19,413 [Test worker] changelog.ChangeSet. - Null constraint dropped from node_contract_upgrades.state_ref {changeSet=migration/node-core.changelog-v21.xml::node_contract_upgrades_state_ref_size::R3.Corda, databaseChangeLog=master.changelog.json}
?[m?[37m[INFO] 19:30:19,414 [Test worker] jvm.JdbcExecutor. - ALTER TABLE PUBLIC.node_contract_upgrades ALTER COLUMN state_ref NVARCHAR(176) {changeSet=migration/node-core.changelog-v21.xml::node_contract_upgrades_state_ref_size::R3.Corda, databaseChangeLog=master.changelog.json}
?[m?[37m[INFO] 19:30:19,419 [Test worker] changelog.ChangeSet. - node_contract_upgrades.state_ref datatype was changed to NVARCHAR(176) {changeSet=migration/node-core.changelog-v21.xml::node_contract_upgrades_state_ref_size::R3.Corda, databaseChangeLog=master.changelog.json}
?[m?[37m[INFO] 19:30:19,420 [Test worker] jvm.JdbcExecutor. - ALTER TABLE PUBLIC.node_contract_upgrades ALTER COLUMN state_ref SET NOT NULL {changeSet=migration/node-core.changelog-v21.xml::node_contract_upgrades_state_ref_size::R3.Corda, databaseChangeLog=master.changelog.json}
?[m?[37m[INFO] 19:30:19,421 [Test worker] changelog.ChangeSet. - NOT NULL constraint has been added to node_contract_upgrades.state_ref {changeSet=migration/node-core.changelog-v21.xml::node_contract_upgrades_state_ref_size::R3.Corda, databaseChangeLog=master.changelog.json}
?[m?[37m[INFO] 19:30:19,422 [Test worker] jvm.JdbcExecutor. - ALTER TABLE PUBLIC.node_contract_upgrades ADD CONSTRAINT node_contract_upgrades_pkey PRIMARY KEY (state_ref) {changeSet=migration/node-core.changelog-v21.xml::node_contract_upgrades_state_ref_size::R3.Corda, databaseChangeLog=master.changelog.json}
?[m?[37m[INFO] 19:30:19,423 [Test worker] changelog.ChangeSet. - Primary key added to node_contract_upgrades (state_ref) {changeSet=migration/node-core.changelog-v21.xml::node_contract_upgrades_state_ref_size::R3.Corda, databaseChangeLog=master.changelog.json}
?[m?[37m[INFO] 19:30:19,423 [Test worker] changelog.ChangeSet. - ChangeSet migration/node-core.changelog-v21.xml::node_contract_upgrades_state_ref_size::R3.Corda ran successfully in 13ms {changeSet=migration/node-core.changelog-v21.xml::node_contract_upgrades_state_ref_size::R3.Corda, databaseChangeLog=master.changelog.json}
?[m?[37m[INFO] 19:30:19,425 [Test worker] jvm.JdbcExecutor. - INSERT INTO PUBLIC.DATABASECHANGELOG (ID, AUTHOR, FILENAME, DATEEXECUTED, ORDEREXECUTED, MD5SUM, DESCRIPTION, COMMENTS, EXECTYPE, CONTEXTS, LABELS, LIQUIBASE, DEPLOYMENT_ID) VALUES ('node_contract_upgrades_state_ref_size', 'R3.Corda', 'migration/node-core.changelog-v21.xml', NOW(), 110, '8:25a17205698e008ce77364ab975aa8b3', 'dropPrimaryKey constraintName=node_contract_upgrades_pkey, tableName=node_contract_upgrades; dropNotNullConstraint columnName=state_ref, tableName=node_contract_upgrades; modifyDataType columnName=state_ref, tableName=node_contract_upgrades; addNo...', '', 'EXECUTED', NULL, NULL, '3.6.3', '4396019010') {changeSet=migration/node-core.changelog-v21.xml::node_contract_upgrades_state_ref_size::R3.Corda, databaseChangeLog=master.changelog.json}
?[m?[37m[INFO] 19:30:19,427 [Test worker] jvm.JdbcExecutor. - CREATE TABLE PUBLIC.node_notary_committed_states (output_index INT NOT NULL, transaction_id NVARCHAR(64) NOT NULL, consuming_transaction_id NVARCHAR(64)) {changeSet=migration/node-services.changelog-init.xml::1511451595465-16::R3.Corda, databaseChangeLog=master.changelog.json}
?[m?[37m[INFO] 19:30:19,430 [Test worker] changelog.ChangeSet. - Table node_notary_committed_states created {changeSet=migration/node-services.changelog-init.xml::1511451595465-16::R3.Corda, databaseChangeLog=master.changelog.json}
?[m?[37m[INFO] 19:30:19,430 [Test worker] changelog.ChangeSet. - ChangeSet migration/node-services.changelog-init.xml::1511451595465-16::R3.Corda ran successfully in 3ms {changeSet=migration/node-services.changelog-init.xml::1511451595465-16::R3.Corda, databaseChangeLog=master.changelog.json}
?[m?[37m[INFO] 19:30:19,431 [Test worker] jvm.JdbcExecutor. - INSERT INTO PUBLIC.DATABASECHANGELOG (ID, AUTHOR, FILENAME, DATEEXECUTED, ORDEREXECUTED, MD5SUM, DESCRIPTION, COMMENTS, EXECTYPE, CONTEXTS, LABELS, LIQUIBASE, DEPLOYMENT_ID) VALUES ('1511451595465-16', 'R3.Corda', 'migration/node-services.changelog-init.xml', NOW(), 111, '8:202eb6144ca2ddf982810c5b333117b8', 'createTable tableName=node_notary_committed_states', '', 'EXECUTED', NULL, NULL, '3.6.3', '4396019010') {changeSet=migration/node-services.changelog-init.xml::1511451595465-16::R3.Corda, databaseChangeLog=master.changelog.json}
?[m?[37m[INFO] 19:30:19,433 [Test worker] jvm.JdbcExecutor. - CREATE TABLE PUBLIC.node_notary_request_log (id INT NOT NULL, consuming_transaction_id NVARCHAR(64) NOT NULL, requesting_party_name NVARCHAR(255) NOT NULL, request_timestamp TIMESTAMP NOT NULL, request_signature BLOB NOT NULL) {changeSet=migration/node-services.changelog-init.xml::1521131680317-17::R3.Corda, databaseChangeLog=master.changelog.json}
?[m?[37m[INFO] 19:30:19,435 [Test worker] changelog.ChangeSet. - Table node_notary_request_log created {changeSet=migration/node-services.changelog-init.xml::1521131680317-17::R3.Corda, databaseChangeLog=master.changelog.json}
?[m?[37m[INFO] 19:30:19,435 [Test worker] changelog.ChangeSet. - ChangeSet migration/node-services.changelog-init.xml::1521131680317-17::R3.Corda ran successfully in 2ms {changeSet=migration/node-services.changelog-init.xml::1521131680317-17::R3.Corda, databaseChangeLog=master.changelog.json}
?[m?[37m[INFO] 19:30:19,436 [Test worker] jvm.JdbcExecutor. - INSERT INTO PUBLIC.DATABASECHANGELOG (ID, AUTHOR, FILENAME, DATEEXECUTED, ORDEREXECUTED, MD5SUM, DESCRIPTION, COMMENTS, EXECTYPE, CONTEXTS, LABELS, LIQUIBASE, DEPLOYMENT_ID) VALUES ('1521131680317-17', 'R3.Corda', 'migration/node-services.changelog-init.xml', NOW(), 112, '8:da67caf796d1a61c253ac38815a6fa6b', 'createTable tableName=node_notary_request_log', '', 'EXECUTED', NULL, NULL, '3.6.3', '4396019010') {changeSet=migration/node-services.changelog-init.xml::1521131680317-17::R3.Corda, databaseChangeLog=master.changelog.json}
?[m?[37m[INFO] 19:30:19,438 [Test worker] jvm.JdbcExecutor. - ALTER TABLE PUBLIC.node_notary_committed_states ADD CONSTRAINT node_notary_states_pkey PRIMARY KEY (output_index, transaction_id) {changeSet=migration/node-services.changelog-init.xml::1511451595465-41::R3.Corda, databaseChangeLog=master.changelog.json}
?[m?[37m[INFO] 19:30:19,440 [Test worker] changelog.ChangeSet. - Primary key added to node_notary_committed_states (output_index, transaction_id) {changeSet=migration/node-services.changelog-init.xml::1511451595465-41::R3.Corda, databaseChangeLog=master.changelog.json}
?[m?[37m[INFO] 19:30:19,440 [Test worker] changelog.ChangeSet. - ChangeSet migration/node-services.changelog-init.xml::1511451595465-41::R3.Corda ran successfully in 2ms {changeSet=migration/node-services.changelog-init.xml::1511451595465-41::R3.Corda, databaseChangeLog=master.changelog.json}
?[m?[37m[INFO] 19:30:19,441 [Test worker] jvm.JdbcExecutor. - INSERT INTO PUBLIC.DATABASECHANGELOG (ID, AUTHOR, FILENAME, DATEEXECUTED, ORDEREXECUTED, MD5SUM, DESCRIPTION, COMMENTS, EXECTYPE, CONTEXTS, LABELS, LIQUIBASE, DEPLOYMENT_ID) VALUES ('1511451595465-41', 'R3.Corda', 'migration/node-services.changelog-init.xml', NOW(), 113, '8:73a5b14473602a38c02858208ef2af9d', 'addPrimaryKey constraintName=node_notary_states_pkey, tableName=node_notary_committed_states', '', 'EXECUTED', NULL, NULL, '3.6.3', '4396019010') {changeSet=migration/node-services.changelog-init.xml::1511451595465-41::R3.Corda, databaseChangeLog=master.changelog.json}
?[m?[37m[INFO] 19:30:19,443 [Test worker] jvm.JdbcExecutor. - ALTER TABLE PUBLIC.node_notary_request_log ADD CONSTRAINT node_notary_request_log_pkey PRIMARY KEY (id) {changeSet=migration/node-services.changelog-init.xml::1521131680317-48::R3.Corda, databaseChangeLog=master.changelog.json}
?[m?[37m[INFO] 19:30:19,445 [Test worker] changelog.ChangeSet. - Primary key added to node_notary_request_log (id) {changeSet=migration/node-services.changelog-init.xml::1521131680317-48::R3.Corda, databaseChangeLog=master.changelog.json}
?[m?[37m[INFO] 19:30:19,445 [Test worker] changelog.ChangeSet. - ChangeSet migration/node-services.changelog-init.xml::1521131680317-48::R3.Corda ran successfully in 2ms {changeSet=migration/node-services.changelog-init.xml::1521131680317-48::R3.Corda, databaseChangeLog=master.changelog.json}
?[m?[37m[INFO] 19:30:19,447 [Test worker] jvm.JdbcExecutor. - INSERT INTO PUBLIC.DATABASECHANGELOG (ID, AUTHOR, FILENAME, DATEEXECUTED, ORDEREXECUTED, MD5SUM, DESCRIPTION, COMMENTS, EXECTYPE, CONTEXTS, LABELS, LIQUIBASE, DEPLOYMENT_ID) VALUES ('1521131680317-48', 'R3.Corda', 'migration/node-services.changelog-init.xml', NOW(), 114, '8:7b2392b8e69fe748f22e678d1e8b1d3e', 'addPrimaryKey constraintName=node_notary_request_log_pkey, tableName=node_notary_request_log', '', 'EXECUTED', NULL, NULL, '3.6.3', '4396019010') {changeSet=migration/node-services.changelog-init.xml::1521131680317-48::R3.Corda, databaseChangeLog=master.changelog.json}
?[m?[37m[INFO] 19:30:19,449 [Test worker] jvm.JdbcExecutor. - ALTER TABLE PUBLIC.node_notary_committed_states ALTER COLUMN consuming_transaction_id SET NOT NULL {changeSet=migration/node-services.changelog-init.xml::nullability::R3.Corda, databaseChangeLog=master.changelog.json}
[...]
?[m?[37m[INFO] 19:30:33,898 [Test worker] network.PersistentNetworkMapCache. - Previous node was identical to incoming one - doing nothing
?[m?[37m[INFO] 19:30:34,045 [Mock network] corda.flow. - No need to notarise this transaction. {actor_id=Only For Testing, actor_owning_identity=O=Mock Company 1, L=London, C=GB, actor_store_id=TEST, fiber-id=10000002, flow-id=fa2c7b39-c2e9-4fe5-bb68-c561243ef105, invocation_id=7124ceed-458e-4fee-a587-ba9ce1dfeaca, invocation_timestamp=2023-01-22T14:00:33.900Z, origin=Only For Testing, session_id=7124ceed-458e-4fee-a587-ba9ce1dfeaca, session_timestamp=2023-01-22T14:00:33.900Z, thread-id=1002, tx_id=A293393E5B90A3C27E5FC2A9691EE4805144A75BCF42F75AA52B501771E81B41}
?[m?[37m[INFO] 19:30:34,045 [Mock network] corda.flow. - Recording transaction locally. {actor_id=Only For Testing, actor_owning_identity=O=Mock Company 1, L=London, C=GB, actor_store_id=TEST, fiber-id=10000002, flow-id=fa2c7b39-c2e9-4fe5-bb68-c561243ef105, invocation_id=7124ceed-458e-4fee-a587-ba9ce1dfeaca, invocation_timestamp=2023-01-22T14:00:33.900Z, origin=Only For Testing, session_id=7124ceed-458e-4fee-a587-ba9ce1dfeaca, session_timestamp=2023-01-22T14:00:33.900Z, thread-id=1002, tx_id=A293393E5B90A3C27E5FC2A9691EE4805144A75BCF42F75AA52B501771E81B41}
?[m?[37m[INFO] 19:30:34,072 [Mock network] corda.flow. - Recorded transaction locally successfully. {actor_id=Only For Testing, actor_owning_identity=O=Mock Company 1, L=London, C=GB, actor_store_id=TEST, fiber-id=10000002, flow-id=fa2c7b39-c2e9-4fe5-bb68-c561243ef105, invocation_id=7124ceed-458e-4fee-a587-ba9ce1dfeaca, invocation_timestamp=2023-01-22T14:00:33.900Z, origin=Only For Testing, session_id=7124ceed-458e-4fee-a587-ba9ce1dfeaca, session_timestamp=2023-01-22T14:00:33.900Z, thread-id=1002, tx_id=A293393E5B90A3C27E5FC2A9691EE4805144A75BCF42F75AA52B501771E81B41}
?[m?[37m[INFO] 19:30:34,072 [Mock network] corda.flow. - All parties received the transaction successfully. {actor_id=Only For Testing, actor_owning_identity=O=Mock Company 1, L=London, C=GB, actor_store_id=TEST, fiber-id=10000002, flow-id=fa2c7b39-c2e9-4fe5-bb68-c561243ef105, invocation_id=7124ceed-458e-4fee-a587-ba9ce1dfeaca, invocation_timestamp=2023-01-22T14:00:33.900Z, origin=Only For Testing, session_id=7124ceed-458e-4fee-a587-ba9ce1dfeaca, session_timestamp=2023-01-22T14:00:33.900Z, thread-id=1002, tx_id=A293393E5B90A3C27E5FC2A9691EE4805144A75BCF42F75AA52B501771E81B41}
?[m?[37m[INFO] 19:30:34,253 [Mock network] corda.flow. - Received transaction acknowledgement request from party O=Mock Company 1, L=London, C=GB. {fiber-id=10000004, flow-id=8724d591-b1a4-4f79-b05d-ab5db0bf290a, invocation_id=8ec4c8c4-c0d0-48f5-8830-e22e54694ce1, invocation_timestamp=2023-01-22T14:00:34.213Z, origin=O=Mock Company 1, L=London, C=GB, session_id=8ec4c8c4-c0d0-48f5-8830-e22e54694ce1, session_timestamp=2023-01-22T14:00:34.213Z, thread-id=1002, tx_id=A293393E5B90A3C27E5FC2A9691EE4805144A75BCF42F75AA52B501771E81B41}
?[m?[37m[INFO] 19:30:34,311 [Mock network] corda.flow. - Transaction dependencies resolution completed. {fiber-id=10000004, flow-id=8724d591-b1a4-4f79-b05d-ab5db0bf290a, invocation_id=8ec4c8c4-c0d0-48f5-8830-e22e54694ce1, invocation_timestamp=2023-01-22T14:00:34.213Z, origin=O=Mock Company 1, L=London, C=GB, session_id=8ec4c8c4-c0d0-48f5-8830-e22e54694ce1, session_timestamp=2023-01-22T14:00:34.213Z, thread-id=1002, tx_id=A293393E5B90A3C27E5FC2A9691EE4805144A75BCF42F75AA52B501771E81B41}
?[m?[37m[INFO] 19:30:34,355 [Mock network] corda.flow. - Successfully received fully signed tx. Sending it to the vault for processing. {fiber-id=10000004, flow-id=8724d591-b1a4-4f79-b05d-ab5db0bf290a, invocation_id=8ec4c8c4-c0d0-48f5-8830-e22e54694ce1, invocation_timestamp=2023-01-22T14:00:34.213Z, origin=O=Mock Company 1, L=London, C=GB, session_id=8ec4c8c4-c0d0-48f5-8830-e22e54694ce1, session_timestamp=2023-01-22T14:00:34.213Z, thread-id=1002, tx_id=A293393E5B90A3C27E5FC2A9691EE4805144A75BCF42F75AA52B501771E81B41}
?[m?[37m[INFO] 19:30:34,366 [Mock network] corda.flow. - Successfully recorded received transaction locally. {fiber-id=10000004, flow-id=8724d591-b1a4-4f79-b05d-ab5db0bf290a, invocation_id=8ec4c8c4-c0d0-48f5-8830-e22e54694ce1, invocation_timestamp=2023-01-22T14:00:34.213Z, origin=O=Mock Company 1, L=London, C=GB, session_id=8ec4c8c4-c0d0-48f5-8830-e22e54694ce1, session_timestamp=2023-01-22T14:00:34.213Z, thread-id=1002, tx_id=A293393E5B90A3C27E5FC2A9691EE4805144A75BCF42F75AA52B501771E81B41}
?[m?[37m[INFO] 19:30:34,423 [Mock network] corda.flow. - No need to notarise this transaction. {actor_id=Only For Testing, actor_owning_identity=O=Mock Company 2, L=London, C=GB, actor_store_id=TEST, fiber-id=10000005, flow-id=1f050a1f-39e6-4bb4-b15f-be18fe850997, invocation_id=a8889e45-4ca2-4d92-8ab0-20fca4b1af1d, invocation_timestamp=2023-01-22T14:00:34.401Z, origin=Only For Testing, session_id=a8889e45-4ca2-4d92-8ab0-20fca4b1af1d, session_timestamp=2023-01-22T14:00:34.401Z, thread-id=1002, tx_id=833426F8A5DBFAB33462EB9E388C28708447A386CCA9BB8F5D3783DFF1127963}
?[m?[37m[INFO] 19:30:34,424 [Mock network] corda.flow. - Recording transaction locally. {actor_id=Only For Testing, actor_owning_identity=O=Mock Company 2, L=London, C=GB, actor_store_id=TEST, fiber-id=10000005, flow-id=1f050a1f-39e6-4bb4-b15f-be18fe850997, invocation_id=a8889e45-4ca2-4d92-8ab0-20fca4b1af1d, invocation_timestamp=2023-01-22T14:00:34.401Z, origin=Only For Testing, session_id=a8889e45-4ca2-4d92-8ab0-20fca4b1af1d, session_timestamp=2023-01-22T14:00:34.401Z, thread-id=1002, tx_id=833426F8A5DBFAB33462EB9E388C28708447A386CCA9BB8F5D3783DFF1127963}
?[m?[37m[INFO] 19:30:34,427 [Mock network] corda.flow. - Recorded transaction locally successfully. {actor_id=Only For Testing, actor_owning_identity=O=Mock Company 2, L=London, C=GB, actor_store_id=TEST, fiber-id=10000005, flow-id=1f050a1f-39e6-4bb4-b15f-be18fe850997, invocation_id=a8889e45-4ca2-4d92-8ab0-20fca4b1af1d, invocation_timestamp=2023-01-22T14:00:34.401Z, origin=Only For Testing, session_id=a8889e45-4ca2-4d92-8ab0-20fca4b1af1d, session_timestamp=2023-01-22T14:00:34.401Z, thread-id=1002, tx_id=833426F8A5DBFAB33462EB9E388C28708447A386CCA9BB8F5D3783DFF1127963}
?[m?[37m[INFO] 19:30:34,427 [Mock network] corda.flow. - All parties received the transaction successfully. {actor_id=Only For Testing, actor_owning_identity=O=Mock Company 2, L=London, C=GB, actor_store_id=TEST, fiber-id=10000005, flow-id=1f050a1f-39e6-4bb4-b15f-be18fe850997, invocation_id=a8889e45-4ca2-4d92-8ab0-20fca4b1af1d, invocation_timestamp=2023-01-22T14:00:34.401Z, origin=Only For Testing, session_id=a8889e45-4ca2-4d92-8ab0-20fca4b1af1d, session_timestamp=2023-01-22T14:00:34.401Z, thread-id=1002, tx_id=833426F8A5DBFAB33462EB9E388C28708447A386CCA9BB8F5D3783DFF1127963}
?[m?[37m[INFO] 19:30:34,485 [Mock network] corda.flow. - Received transaction acknowledgement request from party O=Mock Company 2, L=London, C=GB. {fiber-id=10000007, flow-id=774bce42-242a-4e22-99b8-ee8a1c303a61, invocation_id=dcb0e821-d498-45d9-9b73-068a3a6c9b58, invocation_timestamp=2023-01-22T14:00:34.474Z, origin=O=Mock Company 2, L=London, C=GB, session_id=dcb0e821-d498-45d9-9b73-068a3a6c9b58, session_timestamp=2023-01-22T14:00:34.474Z, thread-id=1002, tx_id=833426F8A5DBFAB33462EB9E388C28708447A386CCA9BB8F5D3783DFF1127963}
?[m?[37m[INFO] 19:30:34,494 [Mock network] corda.flow. - Transaction dependencies resolution completed. {fiber-id=10000007, flow-id=774bce42-242a-4e22-99b8-ee8a1c303a61, invocation_id=dcb0e821-d498-45d9-9b73-068a3a6c9b58, invocation_timestamp=2023-01-22T14:00:34.474Z, origin=O=Mock Company 2, L=London, C=GB, session_id=dcb0e821-d498-45d9-9b73-068a3a6c9b58, session_timestamp=2023-01-22T14:00:34.474Z, thread-id=1002, tx_id=833426F8A5DBFAB33462EB9E388C28708447A386CCA9BB8F5D3783DFF1127963}
?[m?[37m[INFO] 19:30:34,497 [Mock network] corda.flow. - Successfully received fully signed tx. Sending it to the vault for processing. {fiber-id=10000007, flow-id=774bce42-242a-4e22-99b8-ee8a1c303a61, invocation_id=dcb0e821-d498-45d9-9b73-068a3a6c9b58, invocation_timestamp=2023-01-22T14:00:34.474Z, origin=O=Mock Company 2, L=London, C=GB, session_id=dcb0e821-d498-45d9-9b73-068a3a6c9b58, session_timestamp=2023-01-22T14:00:34.474Z, thread-id=1002, tx_id=833426F8A5DBFAB33462EB9E388C28708447A386CCA9BB8F5D3783DFF1127963}
?[m?[37m[INFO] 19:30:34,503 [Mock network] corda.flow. - Successfully recorded received transaction locally. {fiber-id=10000007, flow-id=774bce42-242a-4e22-99b8-ee8a1c303a61, invocation_id=dcb0e821-d498-45d9-9b73-068a3a6c9b58, invocation_timestamp=2023-01-22T14:00:34.474Z, origin=O=Mock Company 2, L=London, C=GB, session_id=dcb0e821-d498-45d9-9b73-068a3a6c9b58, session_timestamp=2023-01-22T14:00:34.474Z, thread-id=1002, tx_id=833426F8A5DBFAB33462EB9E388C28708447A386CCA9BB8F5D3783DFF1127963}
?[m?[37m[INFO] 19:30:34,546 [Mock network] identity.PersistentIdentityService. - Linking: B30F232584349856AB78F951BA42BDD157003DE98805AA2DBDB275D0A71DE323 to O=Mock Company 1, L=London, C=GB {actor_id=Only For Testing, actor_owning_identity=O=Mock Company 1, L=London, C=GB, actor_store_id=TEST, fiber-id=10000008, flow-id=de4166d1-6b3d-40b6-a16d-bda6c83ceb4b, invocation_id=654960e1-3d16-4fbd-8cbe-946789595841, invocation_timestamp=2023-01-22T14:00:34.530Z, origin=Only For Testing, session_id=654960e1-3d16-4fbd-8cbe-946789595841, session_timestamp=2023-01-22T14:00:34.530Z, thread-id=1002}
?[m?[37m[INFO] 19:30:34,728 [Mock network] identity.PersistentIdentityService. - Linking: A721A6D39430E6319D1E7BF5B329FE1B561B43489BCEB1CA7FFE26C84A2B3BC7 to O=Mock Company 2, L=London, C=GB {fiber-id=10000009, flow-id=987f5fda-5183-4d3e-8b85-6b06dededcb5, invocation_id=b38d88f5-1890-4d63-b1fa-b0daeae9a98d, invocation_timestamp=2023-01-22T14:00:34.596Z, origin=O=Mock Company 1, L=London, C=GB, session_id=b38d88f5-1890-4d63-b1fa-b0daeae9a98d, session_timestamp=2023-01-22T14:00:34.596Z, thread-id=1002}
?[m?[37m[INFO] 19:30:34,763 [Mock network] identity.PersistentIdentityService. - Linking: A721A6D39430E6319D1E7BF5B329FE1B561B43489BCEB1CA7FFE26C84A2B3BC7 to O=Mock Company 2, L=London, C=GB {actor_id=Only For Testing, actor_owning_identity=O=Mock Company 1, L=London, C=GB, actor_store_id=TEST, fiber-id=10000008, flow-id=de4166d1-6b3d-40b6-a16d-bda6c83ceb4b, invocation_id=654960e1-3d16-4fbd-8cbe-946789595841, invocation_timestamp=2023-01-22T14:00:34.530Z, origin=Only For Testing, session_id=654960e1-3d16-4fbd-8cbe-946789595841, session_timestamp=2023-01-22T14:00:34.530Z, thread-id=1002}
?[m?[37m[INFO] 19:30:34,913 [Mock network] corda.flow. - Received transaction acknowledgement request from party O=Mock Company 1, L=London, C=GB. {fiber-id=10000010, flow-id=5c310b1b-32ce-4780-89e2-fa432f928888, invocation_id=00d949ae-ac97-4308-a3e0-dd7dee6573e8, invocation_timestamp=2023-01-22T14:00:34.887Z, origin=O=Mock Company 1, L=London, C=GB, session_id=00d949ae-ac97-4308-a3e0-dd7dee6573e8, session_timestamp=2023-01-22T14:00:34.887Z, thread-id=1002, tx_id=7BE29243881EB34A2E584642E3D7853AADEEDDF19307B04BA77C8166334B20E5}
?[m?[37m[INFO] 19:30:34,928 [Mock network] corda.flow. - Transaction dependencies resolution completed. {fiber-id=10000010, flow-id=5c310b1b-32ce-4780-89e2-fa432f928888, invocation_id=00d949ae-ac97-4308-a3e0-dd7dee6573e8, invocation_timestamp=2023-01-22T14:00:34.887Z, origin=O=Mock Company 1, L=London, C=GB, session_id=00d949ae-ac97-4308-a3e0-dd7dee6573e8, session_timestamp=2023-01-22T14:00:34.887Z, thread-id=1002, tx_id=7BE29243881EB34A2E584642E3D7853AADEEDDF19307B04BA77C8166334B20E5}
?[m?[37m[INFO] 19:30:35,056 [Mock network] corda.flow. - No need to notarise this transaction. {actor_id=Only For Testing, actor_owning_identity=O=Mock Company 1, L=London, C=GB, actor_store_id=TEST, fiber-id=10000008, flow-id=de4166d1-6b3d-40b6-a16d-bda6c83ceb4b, invocation_id=654960e1-3d16-4fbd-8cbe-946789595841, invocation_timestamp=2023-01-22T14:00:34.530Z, origin=Only For Testing, session_id=654960e1-3d16-4fbd-8cbe-946789595841, session_timestamp=2023-01-22T14:00:34.530Z, thread-id=1002, tx_id=7BE29243881EB34A2E584642E3D7853AADEEDDF19307B04BA77C8166334B20E5}
?[m?[37m[INFO] 19:30:35,056 [Mock network] corda.flow. - Recording transaction locally. {actor_id=Only For Testing, actor_owning_identity=O=Mock Company 1, L=London, C=GB, actor_store_id=TEST, fiber-id=10000008, flow-id=de4166d1-6b3d-40b6-a16d-bda6c83ceb4b, invocation_id=654960e1-3d16-4fbd-8cbe-946789595841, invocation_timestamp=2023-01-22T14:00:34.530Z, origin=Only For Testing, session_id=654960e1-3d16-4fbd-8cbe-946789595841, session_timestamp=2023-01-22T14:00:34.530Z, thread-id=1002, tx_id=7BE29243881EB34A2E584642E3D7853AADEEDDF19307B04BA77C8166334B20E5}
?[m?[37m[INFO] 19:30:35,064 [Mock network] corda.flow. - Recorded transaction locally successfully. {actor_id=Only For Testing, actor_owning_identity=O=Mock Company 1, L=London, C=GB, actor_store_id=TEST, fiber-id=10000008, flow-id=de4166d1-6b3d-40b6-a16d-bda6c83ceb4b, invocation_id=654960e1-3d16-4fbd-8cbe-946789595841, invocation_timestamp=2023-01-22T14:00:34.530Z, origin=Only For Testing, session_id=654960e1-3d16-4fbd-8cbe-946789595841, session_timestamp=2023-01-22T14:00:34.530Z, thread-id=1002, tx_id=7BE29243881EB34A2E584642E3D7853AADEEDDF19307B04BA77C8166334B20E5}
?[m?[37m[INFO] 19:30:35,089 [Mock network] corda.flow. - Received transaction acknowledgement request from party O=Mock Company 1, L=London, C=GB. {fiber-id=10000010, flow-id=5c310b1b-32ce-4780-89e2-fa432f928888, invocation_id=00d949ae-ac97-4308-a3e0-dd7dee6573e8, invocation_timestamp=2023-01-22T14:00:34.887Z, origin=O=Mock Company 1, L=London, C=GB, session_id=00d949ae-ac97-4308-a3e0-dd7dee6573e8, session_timestamp=2023-01-22T14:00:34.887Z, thread-id=1002, tx_id=7BE29243881EB34A2E584642E3D7853AADEEDDF19307B04BA77C8166334B20E5}
?[m?[37m[INFO] 19:30:35,101 [Mock network] corda.flow. - Transaction dependencies resolution completed. {fiber-id=10000010, flow-id=5c310b1b-32ce-4780-89e2-fa432f928888, invocation_id=00d949ae-ac97-4308-a3e0-dd7dee6573e8, invocation_timestamp=2023-01-22T14:00:34.887Z, origin=O=Mock Company 1, L=London, C=GB, session_id=00d949ae-ac97-4308-a3e0-dd7dee6573e8, session_timestamp=2023-01-22T14:00:34.887Z, thread-id=1002, tx_id=7BE29243881EB34A2E584642E3D7853AADEEDDF19307B04BA77C8166334B20E5}
?[m?[37m[INFO] 19:30:35,105 [Mock network] corda.flow. - Successfully received fully signed tx. Sending it to the vault for processing. {fiber-id=10000010, flow-id=5c310b1b-32ce-4780-89e2-fa432f928888, invocation_id=00d949ae-ac97-4308-a3e0-dd7dee6573e8, invocation_timestamp=2023-01-22T14:00:34.887Z, origin=O=Mock Company 1, L=London, C=GB, session_id=00d949ae-ac97-4308-a3e0-dd7dee6573e8, session_timestamp=2023-01-22T14:00:34.887Z, thread-id=1002, tx_id=7BE29243881EB34A2E584642E3D7853AADEEDDF19307B04BA77C8166334B20E5}
?[m?[37m[INFO] 19:30:35,111 [Mock network] corda.flow. - Successfully recorded received transaction locally. {fiber-id=10000010, flow-id=5c310b1b-32ce-4780-89e2-fa432f928888, invocation_id=00d949ae-ac97-4308-a3e0-dd7dee6573e8, invocation_timestamp=2023-01-22T14:00:34.887Z, origin=O=Mock Company 1, L=London, C=GB, session_id=00d949ae-ac97-4308-a3e0-dd7dee6573e8, session_timestamp=2023-01-22T14:00:34.887Z, thread-id=1002, tx_id=7BE29243881EB34A2E584642E3D7853AADEEDDF19307B04BA77C8166334B20E5}
?[m?[31m[WARN] 19:30:35,114 [Mock network] persistence.AbstractPartyToX500NameAsStringConverter. - Identity service unable to resolve AbstractParty: Anonymous(DLD3yNCCDF6pkj1cWXWpkQiyuxxPcLovGkjZBRxE2JjT38) {actor_id=Only For Testing, actor_owning_identity=O=Mock Company 1, L=London, C=GB, actor_store_id=TEST, fiber-id=10000010, flow-id=5c310b1b-32ce-4780-89e2-fa432f928888, invocation_id=00d949ae-ac97-4308-a3e0-dd7dee6573e8, invocation_timestamp=2023-01-22T14:00:34.887Z, origin=O=Mock Company 1, L=London, C=GB, session_id=00d949ae-ac97-4308-a3e0-dd7dee6573e8, session_timestamp=2023-01-22T14:00:34.887Z, thread-id=1002}
?[m?[37m[INFO] 19:30:35,120 [Mock network] corda.flow. - Party O=Mock Company 2, L=London, C=GB received the transaction. {actor_id=Only For Testing, actor_owning_identity=O=Mock Company 1, L=London, C=GB, actor_store_id=TEST, fiber-id=10000008, flow-id=de4166d1-6b3d-40b6-a16d-bda6c83ceb4b, invocation_id=654960e1-3d16-4fbd-8cbe-946789595841, invocation_timestamp=2023-01-22T14:00:34.530Z, origin=Only For Testing, session_id=654960e1-3d16-4fbd-8cbe-946789595841, session_timestamp=2023-01-22T14:00:34.530Z, thread-id=1002, tx_id=7BE29243881EB34A2E584642E3D7853AADEEDDF19307B04BA77C8166334B20E5}
?[m?[37m[INFO] 19:30:35,120 [Mock network] corda.flow. - All parties received the transaction successfully. {actor_id=Only For Testing, actor_owning_identity=O=Mock Company 1, L=London, C=GB, actor_store_id=TEST, fiber-id=10000008, flow-id=de4166d1-6b3d-40b6-a16d-bda6c83ceb4b, invocation_id=654960e1-3d16-4fbd-8cbe-946789595841, invocation_timestamp=2023-01-22T14:00:34.530Z, origin=Only For Testing, session_id=654960e1-3d16-4fbd-8cbe-946789595841, session_timestamp=2023-01-22T14:00:34.530Z, thread-id=1002, tx_id=7BE29243881EB34A2E584642E3D7853AADEEDDF19307B04BA77C8166334B20E5}
?[m?[37m[INFO] 19:30:35,152 [Test worker] internal.InternalMockNetwork$MockNode. - Node status update: [STARTED] -> [STOPPING]
?[m?[37m[INFO] 19:30:35,153 [Test worker] persistence.CordaPersistence. - Closing HikariDataSource (HikariPool-4)
?[m?[37m[INFO] 19:30:35,153 [Test worker] hikari.HikariDataSource. - HikariPool-4 - Shutdown initiated...
?[m?[37m[INFO] 19:30:35,166 [Test worker] hikari.HikariDataSource. - HikariPool-4 - Shutdown completed.
?[m?[37m[INFO] 19:30:35,166 [Test worker] internal.MockNodeMessagingService. - Status change to false
?[m?[37m[INFO] 19:30:35,166 [Test worker] internal.InternalMockNetwork$MockNode. - MessagingService active change to: false
?[m?[37m[INFO] 19:30:35,167 [Test worker] internal.InternalMockNetwork$MockNode. - Node status update: [STARTED] -> [STOPPING]
?[m?[37m[INFO] 19:30:35,168 [Test worker] persistence.CordaPersistence. - Closing HikariDataSource (HikariPool-5)
?[m?[37m[INFO] 19:30:35,168 [Test worker] hikari.HikariDataSource. - HikariPool-5 - Shutdown initiated...
?[m?[37m[INFO] 19:30:35,181 [Test worker] hikari.HikariDataSource. - HikariPool-5 - Shutdown completed.
?[m?[37m[INFO] 19:30:35,181 [Test worker] internal.MockNodeMessagingService. - Status change to false
?[m?[37m[INFO] 19:30:35,181 [Test worker] internal.InternalMockNetwork$MockNode. - MessagingService active change to: false
?[m?[37m[INFO] 19:30:35,182 [Test worker] internal.InternalMockNetwork$MockNode. - Node status update: [STARTED] -> [STOPPING]
?[m?[37m[INFO] 19:30:35,183 [Test worker] persistence.CordaPersistence. - Closing HikariDataSource (HikariPool-6)
?[m?[37m[INFO] 19:30:35,183 [Test worker] hikari.HikariDataSource. - HikariPool-6 - Shutdown initiated...
?[m]]></system-out>
  <system-err><![CDATA[SLF4J: Class path contains multiple SLF4J bindings.
SLF4J: Found binding in [jar:file:/C:/Users/Anvith/.gradle/caches/modules-2/files-2.1/org.apache.logging.log4j/log4j-slf4j-impl/2.17.1/84692d456bcce689355d33d68167875e486954dd/log4j-slf4j-impl-2.17.1.jar!/org/slf4j/impl/StaticLoggerBinder.class]
SLF4J: Found binding in [jar:file:/C:/Users/Anvith/.gradle/caches/modules-2/files-2.1/ch.qos.logback/logback-classic/1.2.3/7c4f3c474fb2c041d8028740440937705ebb473a/logback-classic-1.2.3.jar!/org/slf4j/impl/StaticLoggerBinder.class]
SLF4J: See http://www.slf4j.org/codes.html#multiple_bindings for an explanation.
SLF4J: Actual binding is of type [org.apache.logging.slf4j.Log4jLoggerFactory]
QUASAR WARNING: Assertions enabled. This may harm performance.
QUASAR WARNING: Fibers are set to verify instrumentation. This may *severely* harm performance.
]]></system-err>
</testsuite>
