<?xml version="1.0" encoding="UTF-8"?>
<testsuite name="net.corda.samples.supplychain.contracts.ContractTests" tests="1" skipped="0" failures="0" errors="0" timestamp="2023-01-22T13:59:50" hostname="LAPTOP-UFS3NFPK" time="0.483">
  <properties/>
  <testcase name="InvoiceAmountMustBeGreaterThanZero" classname="net.corda.samples.supplychain.contracts.ContractTests" time="0.483"/>
  <system-out><![CDATA[?[37m[INFO] 19:29:49,453 [Test worker] cordapp.JarScanningCordappLoader. - Loading CorDapps from RestrictedURL(url=file:/C:/Users/Anvith/Dropbox/PC/Desktop/Work/Corda/samples-java/Accounts/supplychain/contracts/build/generated-custom-cordapps/20230122-135948.271-8EFC09339E08A51D/custom-cordapp_1_12_30dfc9c4-94e3-4252-8b23-9f02909e4215.jar, rootPackageName=null)
?[m?[37m[INFO] 19:29:49,496 [Test worker] cordapp.JarScanningCordappLoader. - Scanning CorDapp in file:/C:/Users/Anvith/Dropbox/PC/Desktop/Work/Corda/samples-java/Accounts/supplychain/contracts/build/generated-custom-cordapps/20230122-135948.271-8EFC09339E08A51D/custom-cordapp_1_12_30dfc9c4-94e3-4252-8b23-9f02909e4215.jar
?[m?[37m[INFO] 19:29:49,638 [Test worker] ClassloaderUtils. - Contracts loading for 'C:\Users\Anvith\AppData\Local\Temp\attachment4207793658620067315.jar' took 70 msec
?[m?[1;31m[ERROR] 19:29:51,278 [Test worker] internal.Verifier. - Error validating transaction A2FBC451C42F5F07539C6F6ABD49549BD6491173762EA71D98AEF1DDD48C0599.
?[m java.lang.IllegalArgumentException: Failed requirement: Invoice amount must be a valid number (Greater than zero)
	at net.corda.core.contracts.Requirements.using(ContractsDSL.kt:26) ~[corda-core-4.10.jar:?]
	at net.corda.samples.supplychain.contracts.InvoiceStateContract.lambda$verify$0(InvoiceStateContract.java:42) ~[main/:?]
	at net.corda.core.contracts.ContractsDSL.requireThat(ContractsDSL.kt:30) ~[corda-core-4.10.jar:?]
	at net.corda.samples.supplychain.contracts.InvoiceStateContract.verify(InvoiceStateContract.java:38) ~[main/:?]
	at net.corda.core.internal.TransactionVerifier.apply(TransactionVerifierServiceInternal.kt:507) ~[corda-core-4.10.jar:?]
	at net.corda.core.internal.AbstractVerifier.verify(TransactionVerifierServiceInternal.kt:80) ~[corda-core-4.10.jar:?]
	at net.corda.core.transactions.LedgerTransaction.verify(LedgerTransaction.kt:250) ~[corda-core-4.10.jar:?]
	at net.corda.core.transactions.TransactionBuilder.addMissingDependency(TransactionBuilder.kt:248) ~[corda-core-4.10.jar:?]
	at net.corda.core.transactions.TransactionBuilder.toWireTransactionWithContext(TransactionBuilder.kt:228) ~[corda-core-4.10.jar:?]
	at net.corda.core.transactions.TransactionBuilder.toWireTransactionWithContext$core(TransactionBuilder.kt:186) ~[corda-core-4.10.jar:?]
	at net.corda.core.transactions.TransactionBuilder.toWireTransaction(TransactionBuilder.kt:144) ~[corda-core-4.10.jar:?]
	at net.corda.testing.dsl.TestTransactionDSLInterpreter.toWireTransaction$test_utils(TestDSL.kt:146) ~[corda-test-utils-4.10.jar:?]
	at net.corda.testing.dsl.TestTransactionDSLInterpreter.verifies(TestDSL.kt:190) ~[corda-test-utils-4.10.jar:?]
	at net.corda.testing.dsl.Verifies$DefaultImpls.failsWith(LedgerDSLInterpreter.kt:45) ~[corda-test-utils-4.10.jar:?]
	at net.corda.testing.dsl.TransactionDSLInterpreter$DefaultImpls.failsWith(TransactionDSLInterpreter.kt) ~[corda-test-utils-4.10.jar:?]
	at net.corda.testing.dsl.TestTransactionDSLInterpreter.failsWith(TestDSL.kt:80) ~[corda-test-utils-4.10.jar:?]
	at net.corda.testing.dsl.Verifies$DefaultImpls.fails(LedgerDSLInterpreter.kt:75) ~[corda-test-utils-4.10.jar:?]
	at net.corda.testing.dsl.TransactionDSLInterpreter$DefaultImpls.fails(TransactionDSLInterpreter.kt) ~[corda-test-utils-4.10.jar:?]
	at net.corda.testing.dsl.TestTransactionDSLInterpreter.fails(TestDSL.kt:80) ~[corda-test-utils-4.10.jar:?]
	at net.corda.testing.dsl.TransactionDSL.fails(TransactionDSLInterpreter.kt) ~[corda-test-utils-4.10.jar:?]
	at net.corda.samples.supplychain.contracts.ContractTests.lambda$null$0(ContractTests.java:28) ~[test/:?]
	at net.corda.testing.dsl.LedgerDSL$transaction$1.invoke(LedgerDSLInterpreter.kt:141) ~[corda-test-utils-4.10.jar:?]
	at net.corda.testing.dsl.LedgerDSL$transaction$1.invoke(LedgerDSLInterpreter.kt:132) ~[corda-test-utils-4.10.jar:?]
	at net.corda.testing.dsl.TestLedgerDSLInterpreter.interpretTransactionDsl(TestDSL.kt:285) ~[corda-test-utils-4.10.jar:?]
	at net.corda.testing.dsl.TestLedgerDSLInterpreter.recordTransactionWithTransactionMap(TestDSL.kt:309) ~[corda-test-utils-4.10.jar:?]
	at net.corda.testing.dsl.TestLedgerDSLInterpreter._transaction(TestDSL.kt:345) ~[corda-test-utils-4.10.jar:?]
	at net.corda.testing.dsl.LedgerDSL._transaction(LedgerDSLInterpreter.kt) ~[corda-test-utils-4.10.jar:?]
	at net.corda.testing.dsl.LedgerDSL.transaction(LedgerDSLInterpreter.kt:141) ~[corda-test-utils-4.10.jar:?]
	at net.corda.testing.dsl.LedgerDSL.transaction$default(LedgerDSLInterpreter.kt:139) ~[corda-test-utils-4.10.jar:?]
	at net.corda.testing.dsl.LedgerDSL.transaction(LedgerDSLInterpreter.kt) ~[corda-test-utils-4.10.jar:?]
	at net.corda.samples.supplychain.contracts.ContractTests.lambda$InvoiceAmountMustBeGreaterThanZero$2(ContractTests.java:25) ~[test/:?]
	at net.corda.testing.node.NodeTestUtils$ledger$2.invoke(NodeTestUtils.kt:39) ~[corda-node-driver-4.10.jar:?]
	at net.corda.testing.node.NodeTestUtils$ledger$2.invoke(NodeTestUtils.kt) ~[corda-node-driver-4.10.jar:?]
	at net.corda.testing.internal.InternalTestUtilsKt$withTestSerializationEnvIfNotSet$1.invoke(InternalTestUtils.kt:241) ~[corda-test-utils-4.10.jar:?]
	at net.corda.testing.internal.InternalTestUtilsKt$withTestSerializationEnvIfNotSet$1.invoke(InternalTestUtils.kt) ~[corda-test-utils-4.10.jar:?]
	at net.corda.testing.common.internal.CommonSerializationTestHelpersKt.asContextEnv(CommonSerializationTestHelpers.kt:19) ~[corda-test-common-4.10.jar:?]
	at net.corda.coretesting.internal.InternalSerializationTestHelpersKt.asTestContextEnv(InternalSerializationTestHelpers.kt:70) ~[corda-core-test-utils-4.10.jar:?]
	at net.corda.testing.internal.InternalTestUtilsKt.withTestSerializationEnvIfNotSet(InternalTestUtils.kt:241) ~[corda-test-utils-4.10.jar:?]
	at net.corda.testing.node.NodeTestUtils.ledger(NodeTestUtils.kt:36) ~[corda-node-driver-4.10.jar:?]
	at net.corda.testing.node.NodeTestUtils.ledger$default(NodeTestUtils.kt:23) ~[corda-node-driver-4.10.jar:?]
	at net.corda.testing.node.NodeTestUtils.ledger(NodeTestUtils.kt) ~[corda-node-driver-4.10.jar:?]
	at net.corda.samples.supplychain.contracts.ContractTests.InvoiceAmountMustBeGreaterThanZero(ContractTests.java:24) ~[test/:?]
	at sun.reflect.NativeMethodAccessorImpl.invoke0(Native Method) ~[?:1.8.0_341]
	at sun.reflect.NativeMethodAccessorImpl.invoke(NativeMethodAccessorImpl.java:62) ~[?:1.8.0_341]
	at sun.reflect.DelegatingMethodAccessorImpl.invoke(DelegatingMethodAccessorImpl.java:43) ~[?:1.8.0_341]
	at java.lang.reflect.Method.invoke(Method.java:498) ~[?:1.8.0_341]
	at org.junit.runners.model.FrameworkMethod$1.runReflectiveCall(FrameworkMethod.java:50) ~[junit-4.12.jar:4.12]
	at org.junit.internal.runners.model.ReflectiveCallable.run(ReflectiveCallable.java:12) ~[junit-4.12.jar:4.12]
	at org.junit.runners.model.FrameworkMethod.invokeExplosively(FrameworkMethod.java:47) ~[junit-4.12.jar:4.12]
	at org.junit.internal.runners.statements.InvokeMethod.evaluate(InvokeMethod.java:17) ~[junit-4.12.jar:4.12]
	at org.junit.runners.ParentRunner.runLeaf(ParentRunner.java:325) ~[junit-4.12.jar:4.12]
	at org.junit.runners.BlockJUnit4ClassRunner.runChild(BlockJUnit4ClassRunner.java:78) ~[junit-4.12.jar:4.12]
	at org.junit.runners.BlockJUnit4ClassRunner.runChild(BlockJUnit4ClassRunner.java:57) ~[junit-4.12.jar:4.12]
	at org.junit.runners.ParentRunner$3.run(ParentRunner.java:290) ~[junit-4.12.jar:4.12]
	at org.junit.runners.ParentRunner$1.schedule(ParentRunner.java:71) ~[junit-4.12.jar:4.12]
	at org.junit.runners.ParentRunner.runChildren(ParentRunner.java:288) ~[junit-4.12.jar:4.12]
	at org.junit.runners.ParentRunner.access$000(ParentRunner.java:58) ~[junit-4.12.jar:4.12]
	at org.junit.runners.ParentRunner$2.evaluate(ParentRunner.java:268) ~[junit-4.12.jar:4.12]
	at org.junit.runners.ParentRunner.run(ParentRunner.java:363) ~[junit-4.12.jar:4.12]
	at org.gradle.api.internal.tasks.testing.junit.JUnitTestClassExecutor.runTestClass(JUnitTestClassExecutor.java:110) ~[?:?]
	at org.gradle.api.internal.tasks.testing.junit.JUnitTestClassExecutor.execute(JUnitTestClassExecutor.java:58) ~[?:?]
	at org.gradle.api.internal.tasks.testing.junit.JUnitTestClassExecutor.execute(JUnitTestClassExecutor.java:38) ~[?:?]
	at org.gradle.api.internal.tasks.testing.junit.AbstractJUnitTestClassProcessor.processTestClass(AbstractJUnitTestClassProcessor.java:62) ~[?:?]
	at org.gradle.api.internal.tasks.testing.SuiteTestClassProcessor.processTestClass(SuiteTestClassProcessor.java:51) ~[?:?]
	at sun.reflect.NativeMethodAccessorImpl.invoke0(Native Method) ~[?:1.8.0_341]
	at sun.reflect.NativeMethodAccessorImpl.invoke(NativeMethodAccessorImpl.java:62) ~[?:1.8.0_341]
	at sun.reflect.DelegatingMethodAccessorImpl.invoke(DelegatingMethodAccessorImpl.java:43) ~[?:1.8.0_341]
	at java.lang.reflect.Method.invoke(Method.java:498) ~[?:1.8.0_341]
	at org.gradle.internal.dispatch.ReflectionDispatch.dispatch(ReflectionDispatch.java:36) ~[gradle-tooling-api-5.6.4.jar:5.6.4]
	at org.gradle.internal.dispatch.ReflectionDispatch.dispatch(ReflectionDispatch.java:24) ~[gradle-tooling-api-5.6.4.jar:5.6.4]
	at org.gradle.internal.dispatch.ContextClassLoaderDispatch.dispatch(ContextClassLoaderDispatch.java:33) ~[?:?]
	at org.gradle.internal.dispatch.ProxyDispatchAdapter$DispatchingInvocationHandler.invoke(ProxyDispatchAdapter.java:94) ~[gradle-tooling-api-5.6.4.jar:5.6.4]
	at com.sun.proxy.$Proxy2.processTestClass(Unknown Source) ~[?:?]
	at org.gradle.api.internal.tasks.testing.worker.TestWorker.processTestClass(TestWorker.java:118) ~[?:?]
	at sun.reflect.NativeMethodAccessorImpl.invoke0(Native Method) ~[?:1.8.0_341]
	at sun.reflect.NativeMethodAccessorImpl.invoke(NativeMethodAccessorImpl.java:62) ~[?:1.8.0_341]
	at sun.reflect.DelegatingMethodAccessorImpl.invoke(DelegatingMethodAccessorImpl.java:43) ~[?:1.8.0_341]
	at java.lang.reflect.Method.invoke(Method.java:498) ~[?:1.8.0_341]
	at org.gradle.internal.dispatch.ReflectionDispatch.dispatch(ReflectionDispatch.java:36) ~[gradle-tooling-api-5.6.4.jar:5.6.4]
	at org.gradle.internal.dispatch.ReflectionDispatch.dispatch(ReflectionDispatch.java:24) ~[gradle-tooling-api-5.6.4.jar:5.6.4]
	at org.gradle.internal.remote.internal.hub.MessageHubBackedObjectConnection$DispatchWrapper.dispatch(MessageHubBackedObjectConnection.java:182) ~[?:?]
	at org.gradle.internal.remote.internal.hub.MessageHubBackedObjectConnection$DispatchWrapper.dispatch(MessageHubBackedObjectConnection.java:164) ~[?:?]
	at org.gradle.internal.remote.internal.hub.MessageHub$Handler.run(MessageHub.java:412) ~[?:?]
	at org.gradle.internal.concurrent.ExecutorPolicy$CatchAndRecordFailures.onExecute(ExecutorPolicy.java:64) ~[gradle-tooling-api-5.6.4.jar:5.6.4]
	at org.gradle.internal.concurrent.ManagedExecutorImpl$1.run(ManagedExecutorImpl.java:48) ~[gradle-tooling-api-5.6.4.jar:5.6.4]
	at java.util.concurrent.ThreadPoolExecutor.runWorker(ThreadPoolExecutor.java:1149) ~[?:1.8.0_341]
	at java.util.concurrent.ThreadPoolExecutor$Worker.run(ThreadPoolExecutor.java:624) ~[?:1.8.0_341]
	at org.gradle.internal.concurrent.ThreadFactoryImpl$ManagedThreadRunnable.run(ThreadFactoryImpl.java:56) ~[gradle-tooling-api-5.6.4.jar:5.6.4]
	at java.lang.Thread.run(Thread.java:750) [?:1.8.0_341]
?[1;31m[ERROR] 19:29:51,281 [Test worker] internal.Verifier. - Error validating transaction A2FBC451C42F5F07539C6F6ABD49549BD6491173762EA71D98AEF1DDD48C0599.
?[m java.lang.IllegalArgumentException: Failed requirement: Invoice amount must be a valid number (Greater than zero)
	at net.corda.core.contracts.Requirements.using(ContractsDSL.kt:26) ~[corda-core-4.10.jar:?]
	at net.corda.samples.supplychain.contracts.InvoiceStateContract.lambda$verify$0(InvoiceStateContract.java:42) ~[main/:?]
	at net.corda.core.contracts.ContractsDSL.requireThat(ContractsDSL.kt:30) ~[corda-core-4.10.jar:?]
	at net.corda.samples.supplychain.contracts.InvoiceStateContract.verify(InvoiceStateContract.java:38) ~[main/:?]
	at net.corda.core.internal.TransactionVerifier.apply(TransactionVerifierServiceInternal.kt:507) ~[corda-core-4.10.jar:?]
	at net.corda.core.internal.AbstractVerifier.verify(TransactionVerifierServiceInternal.kt:80) ~[corda-core-4.10.jar:?]
	at net.corda.core.transactions.LedgerTransaction.verify(LedgerTransaction.kt:250) ~[corda-core-4.10.jar:?]
	at net.corda.testing.dsl.TestTransactionDSLInterpreter.verifies(TestDSL.kt:190) ~[corda-test-utils-4.10.jar:?]
	at net.corda.testing.dsl.Verifies$DefaultImpls.failsWith(LedgerDSLInterpreter.kt:45) ~[corda-test-utils-4.10.jar:?]
	at net.corda.testing.dsl.TransactionDSLInterpreter$DefaultImpls.failsWith(TransactionDSLInterpreter.kt) ~[corda-test-utils-4.10.jar:?]
	at net.corda.testing.dsl.TestTransactionDSLInterpreter.failsWith(TestDSL.kt:80) ~[corda-test-utils-4.10.jar:?]
	at net.corda.testing.dsl.Verifies$DefaultImpls.fails(LedgerDSLInterpreter.kt:75) ~[corda-test-utils-4.10.jar:?]
	at net.corda.testing.dsl.TransactionDSLInterpreter$DefaultImpls.fails(TransactionDSLInterpreter.kt) ~[corda-test-utils-4.10.jar:?]
	at net.corda.testing.dsl.TestTransactionDSLInterpreter.fails(TestDSL.kt:80) ~[corda-test-utils-4.10.jar:?]
	at net.corda.testing.dsl.TransactionDSL.fails(TransactionDSLInterpreter.kt) ~[corda-test-utils-4.10.jar:?]
	at net.corda.samples.supplychain.contracts.ContractTests.lambda$null$0(ContractTests.java:28) ~[test/:?]
	at net.corda.testing.dsl.LedgerDSL$transaction$1.invoke(LedgerDSLInterpreter.kt:141) ~[corda-test-utils-4.10.jar:?]
	at net.corda.testing.dsl.LedgerDSL$transaction$1.invoke(LedgerDSLInterpreter.kt:132) ~[corda-test-utils-4.10.jar:?]
	at net.corda.testing.dsl.TestLedgerDSLInterpreter.interpretTransactionDsl(TestDSL.kt:285) ~[corda-test-utils-4.10.jar:?]
	at net.corda.testing.dsl.TestLedgerDSLInterpreter.recordTransactionWithTransactionMap(TestDSL.kt:309) ~[corda-test-utils-4.10.jar:?]
	at net.corda.testing.dsl.TestLedgerDSLInterpreter._transaction(TestDSL.kt:345) ~[corda-test-utils-4.10.jar:?]
	at net.corda.testing.dsl.LedgerDSL._transaction(LedgerDSLInterpreter.kt) ~[corda-test-utils-4.10.jar:?]
	at net.corda.testing.dsl.LedgerDSL.transaction(LedgerDSLInterpreter.kt:141) ~[corda-test-utils-4.10.jar:?]
	at net.corda.testing.dsl.LedgerDSL.transaction$default(LedgerDSLInterpreter.kt:139) ~[corda-test-utils-4.10.jar:?]
	at net.corda.testing.dsl.LedgerDSL.transaction(LedgerDSLInterpreter.kt) ~[corda-test-utils-4.10.jar:?]
	at net.corda.samples.supplychain.contracts.ContractTests.lambda$InvoiceAmountMustBeGreaterThanZero$2(ContractTests.java:25) ~[test/:?]
	at net.corda.testing.node.NodeTestUtils$ledger$2.invoke(NodeTestUtils.kt:39) ~[corda-node-driver-4.10.jar:?]
	at net.corda.testing.node.NodeTestUtils$ledger$2.invoke(NodeTestUtils.kt) ~[corda-node-driver-4.10.jar:?]
	at net.corda.testing.internal.InternalTestUtilsKt$withTestSerializationEnvIfNotSet$1.invoke(InternalTestUtils.kt:241) ~[corda-test-utils-4.10.jar:?]
	at net.corda.testing.internal.InternalTestUtilsKt$withTestSerializationEnvIfNotSet$1.invoke(InternalTestUtils.kt) ~[corda-test-utils-4.10.jar:?]
	at net.corda.testing.common.internal.CommonSerializationTestHelpersKt.asContextEnv(CommonSerializationTestHelpers.kt:19) ~[corda-test-common-4.10.jar:?]
	at net.corda.coretesting.internal.InternalSerializationTestHelpersKt.asTestContextEnv(InternalSerializationTestHelpers.kt:70) ~[corda-core-test-utils-4.10.jar:?]
	at net.corda.testing.internal.InternalTestUtilsKt.withTestSerializationEnvIfNotSet(InternalTestUtils.kt:241) ~[corda-test-utils-4.10.jar:?]
	at net.corda.testing.node.NodeTestUtils.ledger(NodeTestUtils.kt:36) ~[corda-node-driver-4.10.jar:?]
	at net.corda.testing.node.NodeTestUtils.ledger$default(NodeTestUtils.kt:23) ~[corda-node-driver-4.10.jar:?]
	at net.corda.testing.node.NodeTestUtils.ledger(NodeTestUtils.kt) ~[corda-node-driver-4.10.jar:?]
	at net.corda.samples.supplychain.contracts.ContractTests.InvoiceAmountMustBeGreaterThanZero(ContractTests.java:24) ~[test/:?]
	at sun.reflect.NativeMethodAccessorImpl.invoke0(Native Method) ~[?:1.8.0_341]
	at sun.reflect.NativeMethodAccessorImpl.invoke(NativeMethodAccessorImpl.java:62) ~[?:1.8.0_341]
	at sun.reflect.DelegatingMethodAccessorImpl.invoke(DelegatingMethodAccessorImpl.java:43) ~[?:1.8.0_341]
	at java.lang.reflect.Method.invoke(Method.java:498) ~[?:1.8.0_341]
	at org.junit.runners.model.FrameworkMethod$1.runReflectiveCall(FrameworkMethod.java:50) ~[junit-4.12.jar:4.12]
	at org.junit.internal.runners.model.ReflectiveCallable.run(ReflectiveCallable.java:12) ~[junit-4.12.jar:4.12]
	at org.junit.runners.model.FrameworkMethod.invokeExplosively(FrameworkMethod.java:47) ~[junit-4.12.jar:4.12]
	at org.junit.internal.runners.statements.InvokeMethod.evaluate(InvokeMethod.java:17) ~[junit-4.12.jar:4.12]
	at org.junit.runners.ParentRunner.runLeaf(ParentRunner.java:325) ~[junit-4.12.jar:4.12]
	at org.junit.runners.BlockJUnit4ClassRunner.runChild(BlockJUnit4ClassRunner.java:78) ~[junit-4.12.jar:4.12]
	at org.junit.runners.BlockJUnit4ClassRunner.runChild(BlockJUnit4ClassRunner.java:57) ~[junit-4.12.jar:4.12]
	at org.junit.runners.ParentRunner$3.run(ParentRunner.java:290) ~[junit-4.12.jar:4.12]
	at org.junit.runners.ParentRunner$1.schedule(ParentRunner.java:71) ~[junit-4.12.jar:4.12]
	at org.junit.runners.ParentRunner.runChildren(ParentRunner.java:288) ~[junit-4.12.jar:4.12]
	at org.junit.runners.ParentRunner.access$000(ParentRunner.java:58) ~[junit-4.12.jar:4.12]
	at org.junit.runners.ParentRunner$2.evaluate(ParentRunner.java:268) ~[junit-4.12.jar:4.12]
	at org.junit.runners.ParentRunner.run(ParentRunner.java:363) ~[junit-4.12.jar:4.12]
	at org.gradle.api.internal.tasks.testing.junit.JUnitTestClassExecutor.runTestClass(JUnitTestClassExecutor.java:110) ~[?:?]
	at org.gradle.api.internal.tasks.testing.junit.JUnitTestClassExecutor.execute(JUnitTestClassExecutor.java:58) ~[?:?]
	at org.gradle.api.internal.tasks.testing.junit.JUnitTestClassExecutor.execute(JUnitTestClassExecutor.java:38) ~[?:?]
	at org.gradle.api.internal.tasks.testing.junit.AbstractJUnitTestClassProcessor.processTestClass(AbstractJUnitTestClassProcessor.java:62) ~[?:?]
	at org.gradle.api.internal.tasks.testing.SuiteTestClassProcessor.processTestClass(SuiteTestClassProcessor.java:51) ~[?:?]
	at sun.reflect.NativeMethodAccessorImpl.invoke0(Native Method) ~[?:1.8.0_341]
	at sun.reflect.NativeMethodAccessorImpl.invoke(NativeMethodAccessorImpl.java:62) ~[?:1.8.0_341]
	at sun.reflect.DelegatingMethodAccessorImpl.invoke(DelegatingMethodAccessorImpl.java:43) ~[?:1.8.0_341]
	at java.lang.reflect.Method.invoke(Method.java:498) ~[?:1.8.0_341]
	at org.gradle.internal.dispatch.ReflectionDispatch.dispatch(ReflectionDispatch.java:36) ~[gradle-tooling-api-5.6.4.jar:5.6.4]
	at org.gradle.internal.dispatch.ReflectionDispatch.dispatch(ReflectionDispatch.java:24) ~[gradle-tooling-api-5.6.4.jar:5.6.4]
	at org.gradle.internal.dispatch.ContextClassLoaderDispatch.dispatch(ContextClassLoaderDispatch.java:33) ~[?:?]
	at org.gradle.internal.dispatch.ProxyDispatchAdapter$DispatchingInvocationHandler.invoke(ProxyDispatchAdapter.java:94) ~[gradle-tooling-api-5.6.4.jar:5.6.4]
	at com.sun.proxy.$Proxy2.processTestClass(Unknown Source) ~[?:?]
	at org.gradle.api.internal.tasks.testing.worker.TestWorker.processTestClass(TestWorker.java:118) ~[?:?]
	at sun.reflect.NativeMethodAccessorImpl.invoke0(Native Method) ~[?:1.8.0_341]
	at sun.reflect.NativeMethodAccessorImpl.invoke(NativeMethodAccessorImpl.java:62) ~[?:1.8.0_341]
	at sun.reflect.DelegatingMethodAccessorImpl.invoke(DelegatingMethodAccessorImpl.java:43) ~[?:1.8.0_341]
	at java.lang.reflect.Method.invoke(Method.java:498) ~[?:1.8.0_341]
	at org.gradle.internal.dispatch.ReflectionDispatch.dispatch(ReflectionDispatch.java:36) ~[gradle-tooling-api-5.6.4.jar:5.6.4]
	at org.gradle.internal.dispatch.ReflectionDispatch.dispatch(ReflectionDispatch.java:24) ~[gradle-tooling-api-5.6.4.jar:5.6.4]
	at org.gradle.internal.remote.internal.hub.MessageHubBackedObjectConnection$DispatchWrapper.dispatch(MessageHubBackedObjectConnection.java:182) ~[?:?]
	at org.gradle.internal.remote.internal.hub.MessageHubBackedObjectConnection$DispatchWrapper.dispatch(MessageHubBackedObjectConnection.java:164) ~[?:?]
	at org.gradle.internal.remote.internal.hub.MessageHub$Handler.run(MessageHub.java:412) ~[?:?]
	at org.gradle.internal.concurrent.ExecutorPolicy$CatchAndRecordFailures.onExecute(ExecutorPolicy.java:64) ~[gradle-tooling-api-5.6.4.jar:5.6.4]
	at org.gradle.internal.concurrent.ManagedExecutorImpl$1.run(ManagedExecutorImpl.java:48) ~[gradle-tooling-api-5.6.4.jar:5.6.4]
	at java.util.concurrent.ThreadPoolExecutor.runWorker(ThreadPoolExecutor.java:1149) ~[?:1.8.0_341]
	at java.util.concurrent.ThreadPoolExecutor$Worker.run(ThreadPoolExecutor.java:624) ~[?:1.8.0_341]
	at org.gradle.internal.concurrent.ThreadFactoryImpl$ManagedThreadRunnable.run(ThreadFactoryImpl.java:56) ~[gradle-tooling-api-5.6.4.jar:5.6.4]
	at java.lang.Thread.run(Thread.java:750) [?:1.8.0_341]
?[1;31m[ERROR] 19:29:51,288 [Test worker] internal.Verifier. - Error validating transaction A2FBC451C42F5F07539C6F6ABD49549BD6491173762EA71D98AEF1DDD48C0599.
?[m java.lang.IllegalArgumentException: Failed requirement: Invoice amount must be a valid number (Greater than zero)
	at net.corda.core.contracts.Requirements.using(ContractsDSL.kt:26) ~[corda-core-4.10.jar:?]
	at net.corda.samples.supplychain.contracts.InvoiceStateContract.lambda$verify$0(InvoiceStateContract.java:42) ~[main/:?]
	at net.corda.core.contracts.ContractsDSL.requireThat(ContractsDSL.kt:30) ~[corda-core-4.10.jar:?]
	at net.corda.samples.supplychain.contracts.InvoiceStateContract.verify(InvoiceStateContract.java:38) ~[main/:?]
	at net.corda.core.internal.TransactionVerifier.apply(TransactionVerifierServiceInternal.kt:507) ~[corda-core-4.10.jar:?]
	at net.corda.core.internal.AbstractVerifier.verify(TransactionVerifierServiceInternal.kt:80) ~[corda-core-4.10.jar:?]
	at net.corda.core.transactions.LedgerTransaction.verify(LedgerTransaction.kt:250) ~[corda-core-4.10.jar:?]
	at net.corda.core.transactions.TransactionBuilder.addMissingDependency(TransactionBuilder.kt:248) ~[corda-core-4.10.jar:?]
	at net.corda.core.transactions.TransactionBuilder.toWireTransactionWithContext(TransactionBuilder.kt:228) ~[corda-core-4.10.jar:?]
	at net.corda.core.transactions.TransactionBuilder.toWireTransactionWithContext$core(TransactionBuilder.kt:186) ~[corda-core-4.10.jar:?]
	at net.corda.core.transactions.TransactionBuilder.toWireTransaction(TransactionBuilder.kt:144) ~[corda-core-4.10.jar:?]
	at net.corda.testing.dsl.TestTransactionDSLInterpreter.toWireTransaction$test_utils(TestDSL.kt:146) ~[corda-test-utils-4.10.jar:?]
	at net.corda.testing.dsl.TestLedgerDSLInterpreter.recordTransactionWithTransactionMap(TestDSL.kt:313) ~[corda-test-utils-4.10.jar:?]
	at net.corda.testing.dsl.TestLedgerDSLInterpreter._transaction(TestDSL.kt:345) ~[corda-test-utils-4.10.jar:?]
	at net.corda.testing.dsl.LedgerDSL._transaction(LedgerDSLInterpreter.kt) ~[corda-test-utils-4.10.jar:?]
	at net.corda.testing.dsl.LedgerDSL.transaction(LedgerDSLInterpreter.kt:141) ~[corda-test-utils-4.10.jar:?]
	at net.corda.testing.dsl.LedgerDSL.transaction$default(LedgerDSLInterpreter.kt:139) ~[corda-test-utils-4.10.jar:?]
	at net.corda.testing.dsl.LedgerDSL.transaction(LedgerDSLInterpreter.kt) ~[corda-test-utils-4.10.jar:?]
	at net.corda.samples.supplychain.contracts.ContractTests.lambda$InvoiceAmountMustBeGreaterThanZero$2(ContractTests.java:25) ~[test/:?]
	at net.corda.testing.node.NodeTestUtils$ledger$2.invoke(NodeTestUtils.kt:39) ~[corda-node-driver-4.10.jar:?]
	at net.corda.testing.node.NodeTestUtils$ledger$2.invoke(NodeTestUtils.kt) ~[corda-node-driver-4.10.jar:?]
	at net.corda.testing.internal.InternalTestUtilsKt$withTestSerializationEnvIfNotSet$1.invoke(InternalTestUtils.kt:241) ~[corda-test-utils-4.10.jar:?]
	at net.corda.testing.internal.InternalTestUtilsKt$withTestSerializationEnvIfNotSet$1.invoke(InternalTestUtils.kt) ~[corda-test-utils-4.10.jar:?]
	at net.corda.testing.common.internal.CommonSerializationTestHelpersKt.asContextEnv(CommonSerializationTestHelpers.kt:19) ~[corda-test-common-4.10.jar:?]
	at net.corda.coretesting.internal.InternalSerializationTestHelpersKt.asTestContextEnv(InternalSerializationTestHelpers.kt:70) ~[corda-core-test-utils-4.10.jar:?]
	at net.corda.testing.internal.InternalTestUtilsKt.withTestSerializationEnvIfNotSet(InternalTestUtils.kt:241) ~[corda-test-utils-4.10.jar:?]
	at net.corda.testing.node.NodeTestUtils.ledger(NodeTestUtils.kt:36) ~[corda-node-driver-4.10.jar:?]
	at net.corda.testing.node.NodeTestUtils.ledger$default(NodeTestUtils.kt:23) ~[corda-node-driver-4.10.jar:?]
	at net.corda.testing.node.NodeTestUtils.ledger(NodeTestUtils.kt) ~[corda-node-driver-4.10.jar:?]
	at net.corda.samples.supplychain.contracts.ContractTests.InvoiceAmountMustBeGreaterThanZero(ContractTests.java:24) ~[test/:?]
	at sun.reflect.NativeMethodAccessorImpl.invoke0(Native Method) ~[?:1.8.0_341]
	at sun.reflect.NativeMethodAccessorImpl.invoke(NativeMethodAccessorImpl.java:62) ~[?:1.8.0_341]
	at sun.reflect.DelegatingMethodAccessorImpl.invoke(DelegatingMethodAccessorImpl.java:43) ~[?:1.8.0_341]
	at java.lang.reflect.Method.invoke(Method.java:498) ~[?:1.8.0_341]
	at org.junit.runners.model.FrameworkMethod$1.runReflectiveCall(FrameworkMethod.java:50) ~[junit-4.12.jar:4.12]
	at org.junit.internal.runners.model.ReflectiveCallable.run(ReflectiveCallable.java:12) ~[junit-4.12.jar:4.12]
	at org.junit.runners.model.FrameworkMethod.invokeExplosively(FrameworkMethod.java:47) ~[junit-4.12.jar:4.12]
	at org.junit.internal.runners.statements.InvokeMethod.evaluate(InvokeMethod.java:17) ~[junit-4.12.jar:4.12]
	at org.junit.runners.ParentRunner.runLeaf(ParentRunner.java:325) ~[junit-4.12.jar:4.12]
	at org.junit.runners.BlockJUnit4ClassRunner.runChild(BlockJUnit4ClassRunner.java:78) ~[junit-4.12.jar:4.12]
	at org.junit.runners.BlockJUnit4ClassRunner.runChild(BlockJUnit4ClassRunner.java:57) ~[junit-4.12.jar:4.12]
	at org.junit.runners.ParentRunner$3.run(ParentRunner.java:290) ~[junit-4.12.jar:4.12]
	at org.junit.runners.ParentRunner$1.schedule(ParentRunner.java:71) ~[junit-4.12.jar:4.12]
	at org.junit.runners.ParentRunner.runChildren(ParentRunner.java:288) ~[junit-4.12.jar:4.12]
	at org.junit.runners.ParentRunner.access$000(ParentRunner.java:58) ~[junit-4.12.jar:4.12]
	at org.junit.runners.ParentRunner$2.evaluate(ParentRunner.java:268) ~[junit-4.12.jar:4.12]
	at org.junit.runners.ParentRunner.run(ParentRunner.java:363) ~[junit-4.12.jar:4.12]
	at org.gradle.api.internal.tasks.testing.junit.JUnitTestClassExecutor.runTestClass(JUnitTestClassExecutor.java:110) ~[?:?]
	at org.gradle.api.internal.tasks.testing.junit.JUnitTestClassExecutor.execute(JUnitTestClassExecutor.java:58) ~[?:?]
	at org.gradle.api.internal.tasks.testing.junit.JUnitTestClassExecutor.execute(JUnitTestClassExecutor.java:38) ~[?:?]
	at org.gradle.api.internal.tasks.testing.junit.AbstractJUnitTestClassProcessor.processTestClass(AbstractJUnitTestClassProcessor.java:62) ~[?:?]
	at org.gradle.api.internal.tasks.testing.SuiteTestClassProcessor.processTestClass(SuiteTestClassProcessor.java:51) ~[?:?]
	at sun.reflect.NativeMethodAccessorImpl.invoke0(Native Method) ~[?:1.8.0_341]
	at sun.reflect.NativeMethodAccessorImpl.invoke(NativeMethodAccessorImpl.java:62) ~[?:1.8.0_341]
	at sun.reflect.DelegatingMethodAccessorImpl.invoke(DelegatingMethodAccessorImpl.java:43) ~[?:1.8.0_341]
	at java.lang.reflect.Method.invoke(Method.java:498) ~[?:1.8.0_341]
	at org.gradle.internal.dispatch.ReflectionDispatch.dispatch(ReflectionDispatch.java:36) ~[gradle-tooling-api-5.6.4.jar:5.6.4]
	at org.gradle.internal.dispatch.ReflectionDispatch.dispatch(ReflectionDispatch.java:24) ~[gradle-tooling-api-5.6.4.jar:5.6.4]
	at org.gradle.internal.dispatch.ContextClassLoaderDispatch.dispatch(ContextClassLoaderDispatch.java:33) ~[?:?]
	at org.gradle.internal.dispatch.ProxyDispatchAdapter$DispatchingInvocationHandler.invoke(ProxyDispatchAdapter.java:94) ~[gradle-tooling-api-5.6.4.jar:5.6.4]
	at com.sun.proxy.$Proxy2.processTestClass(Unknown Source) ~[?:?]
	at org.gradle.api.internal.tasks.testing.worker.TestWorker.processTestClass(TestWorker.java:118) ~[?:?]
	at sun.reflect.NativeMethodAccessorImpl.invoke0(Native Method) ~[?:1.8.0_341]
	at sun.reflect.NativeMethodAccessorImpl.invoke(NativeMethodAccessorImpl.java:62) ~[?:1.8.0_341]
	at sun.reflect.DelegatingMethodAccessorImpl.invoke(DelegatingMethodAccessorImpl.java:43) ~[?:1.8.0_341]
	at java.lang.reflect.Method.invoke(Method.java:498) ~[?:1.8.0_341]
	at org.gradle.internal.dispatch.ReflectionDispatch.dispatch(ReflectionDispatch.java:36) ~[gradle-tooling-api-5.6.4.jar:5.6.4]
	at org.gradle.internal.dispatch.ReflectionDispatch.dispatch(ReflectionDispatch.java:24) ~[gradle-tooling-api-5.6.4.jar:5.6.4]
	at org.gradle.internal.remote.internal.hub.MessageHubBackedObjectConnection$DispatchWrapper.dispatch(MessageHubBackedObjectConnection.java:182) ~[?:?]
	at org.gradle.internal.remote.internal.hub.MessageHubBackedObjectConnection$DispatchWrapper.dispatch(MessageHubBackedObjectConnection.java:164) ~[?:?]
	at org.gradle.internal.remote.internal.hub.MessageHub$Handler.run(MessageHub.java:412) ~[?:?]
	at org.gradle.internal.concurrent.ExecutorPolicy$CatchAndRecordFailures.onExecute(ExecutorPolicy.java:64) ~[gradle-tooling-api-5.6.4.jar:5.6.4]
	at org.gradle.internal.concurrent.ManagedExecutorImpl$1.run(ManagedExecutorImpl.java:48) ~[gradle-tooling-api-5.6.4.jar:5.6.4]
	at java.util.concurrent.ThreadPoolExecutor.runWorker(ThreadPoolExecutor.java:1149) ~[?:1.8.0_341]
	at java.util.concurrent.ThreadPoolExecutor$Worker.run(ThreadPoolExecutor.java:624) ~[?:1.8.0_341]
	at org.gradle.internal.concurrent.ThreadFactoryImpl$ManagedThreadRunnable.run(ThreadFactoryImpl.java:56) ~[gradle-tooling-api-5.6.4.jar:5.6.4]
	at java.lang.Thread.run(Thread.java:750) [?:1.8.0_341]
]]></system-out>
  <system-err><![CDATA[SLF4J: Class path contains multiple SLF4J bindings.
SLF4J: Found binding in [jar:file:/C:/Users/Anvith/.gradle/caches/modules-2/files-2.1/org.apache.logging.log4j/log4j-slf4j-impl/2.17.1/84692d456bcce689355d33d68167875e486954dd/log4j-slf4j-impl-2.17.1.jar!/org/slf4j/impl/StaticLoggerBinder.class]
SLF4J: Found binding in [jar:file:/C:/Users/Anvith/.gradle/caches/modules-2/files-2.1/ch.qos.logback/logback-classic/1.2.3/7c4f3c474fb2c041d8028740440937705ebb473a/logback-classic-1.2.3.jar!/org/slf4j/impl/StaticLoggerBinder.class]
SLF4J: See http://www.slf4j.org/codes.html#multiple_bindings for an explanation.
SLF4J: Actual binding is of type [org.apache.logging.slf4j.Log4jLoggerFactory]
]]></system-err>
</testsuite>
